\BOOKMARK [-1][-]{part.1}{\376\377\000I\000\040\000I\000n\000t\000r\000o\000d\000u\000\347\000\343\000o\000\040\000a\000o\000\040\000P\000y\000t\000h\000o\000n}{}% 1
\BOOKMARK [0][-]{chapter.1}{Conhecendo\040e\040Preparando\040o\040Ambiente}{part.1}% 2
\BOOKMARK [1][-]{section.1.1}{\376\377\000I\000n\000t\000r\000o\000d\000u\000\347\000\343\000o}{chapter.1}% 3
\BOOKMARK [1][-]{section.1.2}{Escolhendo\040um\040Ambiente}{chapter.1}% 4
\BOOKMARK [1][-]{section.1.3}{\376\377\000I\000n\000s\000t\000a\000l\000a\000n\000d\000o\000\040\000o\000\040\000A\000m\000b\000i\000e\000n\000t\000e\000\040\000\050\0001\000\252\000\040\000O\000p\000\347\000\343\000o\000\051}{chapter.1}% 5
\BOOKMARK [1][-]{section.1.4}{\376\377\000I\000n\000s\000t\000a\000l\000a\000n\000d\000o\000\040\000o\000\040\000A\000m\000b\000i\000e\000n\000t\000e\000\040\000\050\0002\000\252\000\040\000O\000p\000\347\000\343\000o\000\051}{chapter.1}% 6
\BOOKMARK [1][-]{section.1.5}{\376\377\000C\000o\000m\000o\000\040\000a\000c\000o\000m\000p\000a\000n\000h\000a\000r\000\040\000a\000s\000\040\000e\000x\000p\000l\000i\000c\000a\000\347\000\365\000e\000s\000\040\000d\000o\000\040\000c\000u\000r\000s\000o}{chapter.1}% 7
\BOOKMARK [1][-]{section.1.6}{\376\377\000E\000x\000e\000r\000c\000\355\000c\000i\000o\000s}{chapter.1}% 8
\BOOKMARK [1][-]{section.1.7}{\376\377\000P\000r\000\363\000x\000i\000m\000o\000s\000\040\000p\000a\000s\000s\000o\000s}{chapter.1}% 9
\BOOKMARK [0][-]{chapter.2}{\376\377\000B\000\341\000s\000i\000c\000o\000s\000\040\000d\000a\000\040\000P\000r\000o\000g\000r\000a\000m\000a\000\347\000\343\000o\000\040\000e\000m\000\040\000P\000y\000t\000h\000o\000n}{part.1}% 10
\BOOKMARK [1][-]{section.2.1}{Sobre\040o\040Python}{chapter.2}% 11
\BOOKMARK [1][-]{section.2.2}{\376\377\000D\000e\000f\000i\000n\000i\000n\000d\000o\000\040\000v\000a\000r\000i\000\341\000v\000e\000i\000s}{chapter.2}% 12
\BOOKMARK [1][-]{section.2.3}{\376\377\000T\000i\000p\000o\000s\000\040\000d\000e\000\040\000V\000a\000r\000i\000\341\000v\000e\000i\000s}{chapter.2}% 13
\BOOKMARK [1][-]{section.2.4}{\376\377\000O\000p\000e\000r\000a\000\347\000\365\000e\000s}{chapter.2}% 14
\BOOKMARK [1][-]{section.2.5}{\376\377\000C\000o\000n\000v\000e\000r\000s\000\343\000o\000\040\000d\000e\000\040\000T\000i\000p\000o\000s}{chapter.2}% 15
\BOOKMARK [1][-]{section.2.6}{\376\377\000R\000e\000c\000e\000b\000e\000n\000d\000o\000\040\000e\000n\000t\000r\000a\000d\000a\000\040\000d\000o\000\040\000u\000s\000u\000\341\000r\000i\000o}{chapter.2}% 16
\BOOKMARK [1][-]{section.2.7}{\376\377\000C\000o\000n\000d\000i\000\347\000\365\000e\000s}{chapter.2}% 17
\BOOKMARK [1][-]{section.2.8}{\376\377\000M\000\351\000t\000o\000d\000o\000s}{chapter.2}% 18
\BOOKMARK [1][-]{section.2.9}{\376\377\000E\000s\000t\000r\000u\000t\000u\000r\000a\000s\000\040\000d\000e\000\040\000R\000e\000p\000e\000t\000i\000\347\000\343\000o}{chapter.2}% 19
\BOOKMARK [1][-]{section.2.10}{\376\377\000F\000u\000n\000\347\000\365\000e\000s}{chapter.2}% 20
\BOOKMARK [1][-]{section.2.11}{\376\377\000E\000x\000e\000r\000c\000\355\000c\000i\000o\000s}{chapter.2}% 21
\BOOKMARK [-1][-]{part.2}{II\040Utilizando\040o\040SymPy}{}% 22
\BOOKMARK [0][-]{chapter.3}{Primeiros\040Passos\040com\040o\040Sympy}{part.2}% 23
\BOOKMARK [1][-]{section.3.1}{\376\377\000I\000n\000s\000t\000a\000l\000a\000\347\000\343\000o}{chapter.3}% 24
\BOOKMARK [1][-]{section.3.2}{\376\377\000C\000a\000r\000r\000e\000g\000a\000n\000d\000o\000\040\000o\000\040\000M\000\363\000d\000u\000l\000o}{chapter.3}% 25
\BOOKMARK [1][-]{section.3.3}{\376\377\000T\000r\000a\000b\000a\000l\000h\000a\000n\000d\000o\000\040\000c\000o\000m\000\040\000e\000x\000p\000r\000e\000s\000s\000\365\000e\000s\000\040\000m\000a\000t\000e\000m\000\341\000t\000i\000c\000a\000s}{chapter.3}% 26
\BOOKMARK [1][-]{section.3.4}{Matrizes}{chapter.3}% 27
\BOOKMARK [1][-]{section.3.5}{\376\377\000E\000x\000e\000r\000c\000\355\000c\000i\000o\000s}{chapter.3}% 28
\BOOKMARK [0][-]{chapter.4}{\376\377\000A\000p\000l\000i\000c\000a\000\347\000\365\000e\000s\000\040\000e\000m\000\040\000C\000\341\000l\000c\000u\000l\000o\000\040\000D\000i\000f\000e\000r\000e\000n\000c\000i\000a\000l\000\040\000e\000\040\000I\000n\000t\000e\000g\000r\000a\000l}{part.2}% 29
\BOOKMARK [1][-]{section.4.1}{Intervalos}{chapter.4}% 30
\BOOKMARK [1][-]{section.4.2}{\376\377\000A\000n\000\341\000l\000i\000s\000e\000s\000\040\000d\000e\000\040\000D\000o\000m\000\355\000n\000i\000o\000/\000I\000n\000t\000e\000r\000v\000a\000l\000o}{chapter.4}% 31
\BOOKMARK [1][-]{section.4.3}{Limites}{chapter.4}% 32
\BOOKMARK [1][-]{section.4.4}{Derivadas}{chapter.4}% 33
\BOOKMARK [1][-]{section.4.5}{Integrais}{chapter.4}% 34
\BOOKMARK [1][-]{section.4.6}{\376\377\000O\000u\000t\000r\000a\000s\000\040\000f\000u\000n\000\347\000\365\000e\000s}{chapter.4}% 35
\BOOKMARK [1][-]{section.4.7}{\376\377\000E\000x\000e\000r\000c\000\355\000c\000i\000o\000s}{chapter.4}% 36
\BOOKMARK [0][-]{chapter.5}{\376\377\000C\000r\000i\000a\000n\000d\000o\000\040\000G\000r\000\341\000f\000i\000c\000o\000s}{part.2}% 37
\BOOKMARK [1][-]{section.5.1}{Plot\0402D}{chapter.5}% 38
\BOOKMARK [1][-]{section.5.2}{Plot\0403D}{chapter.5}% 39
\BOOKMARK [1][-]{section.5.3}{\376\377\000E\000x\000e\000r\000c\000\355\000c\000i\000o\000s}{chapter.5}% 40
\BOOKMARK [0][-]{chapter.6}{Extras}{part.2}% 41
\BOOKMARK [1][-]{section.6.1}{Geometria}{chapter.6}% 42
\BOOKMARK [1][-]{section.6.2}{\376\377\000R\000e\000a\000\347\000\365\000e\000s\000\040\000e\000m\000\040\000V\000i\000g\000a\000s\000\040\000\050\000M\000e\000c\000\342\000n\000i\000c\000a\000\051}{chapter.6}% 43
