\BOOKMARK [1][-]{section.1}{Conhecendo\040e\040Preparando\040o\040Ambiente}{}% 1
\BOOKMARK [2][-]{subsection.1.1}{Introdução}{section.1}% 2
\BOOKMARK [2][-]{subsection.1.2}{Escolhendo\040um\040Ambiente}{section.1}% 3
\BOOKMARK [2][-]{subsection.1.3}{Instalando o Ambiente \(1ª Opção\)}{section.1}% 4
\BOOKMARK [3][-]{subsubsection.1.3.1}{Windows}{subsection.1.3}% 5
\BOOKMARK [3][-]{subsubsection.1.3.2}{Linux}{subsection.1.3}% 6
\BOOKMARK [2][-]{subsection.1.4}{Instalando o Ambiente \(2ª Opção\)}{section.1}% 7
\BOOKMARK [3][-]{subsubsection.1.4.1}{Windows}{subsection.1.4}% 8
\BOOKMARK [3][-]{subsubsection.1.4.2}{Linux}{subsection.1.4}% 9
\BOOKMARK [2][-]{subsection.1.5}{Como acompanhar as explicações do curso}{section.1}% 10
\BOOKMARK [2][-]{subsection.1.6}{Exercícios}{section.1}% 11
\BOOKMARK [2][-]{subsection.1.7}{Próximos passos}{section.1}% 12
\BOOKMARK [1][-]{section.2}{Básicos da Programação em Python}{}% 13
\BOOKMARK [2][-]{subsection.2.1}{Sobre\040o\040Python}{section.2}% 14
\BOOKMARK [2][-]{subsection.2.2}{Definindo variáveis}{section.2}% 15
\BOOKMARK [2][-]{subsection.2.3}{Tipos de Variáveis}{section.2}% 16
\BOOKMARK [3][-]{subsubsection.2.3.1}{Inteiros}{subsection.2.3}% 17
\BOOKMARK [3][-]{subsubsection.2.3.2}{Floats}{subsection.2.3}% 18
\BOOKMARK [3][-]{subsubsection.2.3.3}{Strings}{subsection.2.3}% 19
\BOOKMARK [3][-]{subsubsection.2.3.4}{Booleanos}{subsection.2.3}% 20
\BOOKMARK [3][-]{subsubsection.2.3.5}{Listas}{subsection.2.3}% 21
\BOOKMARK [2][-]{subsection.2.4}{Operações}{section.2}% 22
\BOOKMARK [3][-]{subsubsection.2.4.1}{Aritmética}{subsection.2.4}% 23
\BOOKMARK [3][-]{subsubsection.2.4.2}{Booleanas}{subsection.2.4}% 24
\BOOKMARK [3][-]{subsubsection.2.4.3}{Strings}{subsection.2.4}% 25
\BOOKMARK [2][-]{subsection.2.5}{Conversão de Tipos}{section.2}% 26
\BOOKMARK [2][-]{subsection.2.6}{Recebendo entrada do usuário}{section.2}% 27
\BOOKMARK [2][-]{subsection.2.7}{Condições}{section.2}% 28
\BOOKMARK [3][-]{subsubsection.2.7.1}{If}{subsection.2.7}% 29
\BOOKMARK [2][-]{subsection.2.8}{Métodos}{section.2}% 30
\BOOKMARK [2][-]{subsection.2.9}{Estruturas de Repetição}{section.2}% 31
\BOOKMARK [2][-]{subsection.2.10}{Funções}{section.2}% 32
\BOOKMARK [2][-]{subsection.2.11}{Exercícios}{section.2}% 33
\BOOKMARK [1][-]{section.3}{Primeiros\040Passos\040com\040o\040Sympy}{}% 34
\BOOKMARK [2][-]{subsection.3.1}{Instalação}{section.3}% 35
\BOOKMARK [2][-]{subsection.3.2}{Carregando o Módulo}{section.3}% 36
\BOOKMARK [2][-]{subsection.3.3}{Trabalhando com expressões matemáticas}{section.3}% 37
\BOOKMARK [3][-]{subsubsection.3.3.1}{Equações}{subsection.3.3}% 38
\BOOKMARK [3][-]{subsubsection.3.3.2}{Igualdade}{subsection.3.3}% 39
\BOOKMARK [3][-]{subsubsection.3.3.3}{Sistemas de Equações}{subsection.3.3}% 40
\BOOKMARK [2][-]{subsection.3.4}{Matrizes}{section.3}% 41
\BOOKMARK [2][-]{subsection.3.5}{Exercícios}{section.3}% 42
\BOOKMARK [1][-]{section.4}{Aplicações em Cálculo Diferencial e Integral}{}% 43
\BOOKMARK [2][-]{subsection.4.1}{Intervalos}{section.4}% 44
\BOOKMARK [2][-]{subsection.4.2}{Análises de Domínio/Intervalo}{section.4}% 45
\BOOKMARK [3][-]{subsubsection.4.2.1}{Verificar se é crescente ou decrescente.}{subsection.4.2}% 46
\BOOKMARK [2][-]{subsection.4.3}{Limites}{section.4}% 47
\BOOKMARK [2][-]{subsection.4.4}{Derivadas}{section.4}% 48
\BOOKMARK [2][-]{subsection.4.5}{Integrais}{section.4}% 49
\BOOKMARK [2][-]{subsection.4.6}{Outras funções}{section.4}% 50
\BOOKMARK [3][-]{subsubsection.4.6.1}{Séries}{subsection.4.6}% 51
\BOOKMARK [3][-]{subsubsection.4.6.2}{Equações Diferenciais}{subsection.4.6}% 52
\BOOKMARK [2][-]{subsection.4.7}{Exercícios}{section.4}% 53
\BOOKMARK [1][-]{section.5}{Criando Gráficos}{}% 54
\BOOKMARK [2][-]{subsection.5.1}{Plot\0402D}{section.5}% 55
\BOOKMARK [3][-]{subsubsection.5.1.1}{Funções}{subsection.5.1}% 56
\BOOKMARK [3][-]{subsubsection.5.1.2}{Equações Implícitas}{subsection.5.1}% 57
\BOOKMARK [2][-]{subsection.5.2}{Plot\0403D}{section.5}% 58
\BOOKMARK [2][-]{subsection.5.3}{Exercícios}{section.5}% 59
\BOOKMARK [1][-]{section.6}{Extras}{}% 60
\BOOKMARK [2][-]{subsection.6.1}{Geometria}{section.6}% 61
\BOOKMARK [3][-]{subsubsection.6.1.1}{2D}{subsection.6.1}% 62
\BOOKMARK [3][-]{subsubsection.6.1.2}{3D}{subsection.6.1}% 63
\BOOKMARK [2][-]{subsection.6.2}{Reações em Vigas \(Mecânica\)}{section.6}% 64
