This is XeTeX, Version 3.14159265-2.6-0.99998 (TeX Live 2017/Debian) (preloaded format=xelatex 2021.7.23)  23 JUL 2021 21:30
entering extended mode
 restricted \write18 enabled.
 %&-line parsing enabled.
**full.tex
(./full.tex
LaTeX2e <2017-04-15>
Babel <3.18> and hyphenation patterns for 4 language(s) loaded.
(/usr/share/texlive/texmf-dist/tex/latex/base/article.cls
Document Class: article 2014/09/29 v1.4h Standard LaTeX document class
(/usr/share/texlive/texmf-dist/tex/latex/base/size11.clo
File: size11.clo 2014/09/29 v1.4h Standard LaTeX file (size option)
)
\c@part=\count79
\c@section=\count80
\c@subsection=\count81
\c@subsubsection=\count82
\c@paragraph=\count83
\c@subparagraph=\count84
\c@figure=\count85
\c@table=\count86
\abovecaptionskip=\skip41
\belowcaptionskip=\skip42
\bibindent=\dimen102
)
(/usr/share/texlive/texmf-dist/tex/latex/tcolorbox/tcolorbox.sty
Package: tcolorbox 2018/01/12 version 4.12 text color boxes

(/usr/share/texlive/texmf-dist/tex/latex/pgf/basiclayer/pgf.sty
(/usr/share/texlive/texmf-dist/tex/latex/pgf/utilities/pgfrcs.sty
(/usr/share/texlive/texmf-dist/tex/generic/pgf/utilities/pgfutil-common.tex
\pgfutil@everybye=\toks14
\pgfutil@tempdima=\dimen103
\pgfutil@tempdimb=\dimen104

(/usr/share/texlive/texmf-dist/tex/generic/pgf/utilities/pgfutil-common-lists.t
ex)) (/usr/share/texlive/texmf-dist/tex/generic/pgf/utilities/pgfutil-latex.def
\pgfutil@abb=\box26
(/usr/share/texlive/texmf-dist/tex/latex/ms/everyshi.sty
Package: everyshi 2001/05/15 v3.00 EveryShipout Package (MS)
))
(/usr/share/texlive/texmf-dist/tex/generic/pgf/utilities/pgfrcs.code.tex
Package: pgfrcs 2015/08/07 v3.0.1a (rcs-revision 1.31)
))
Package: pgf 2015/08/07 v3.0.1a (rcs-revision 1.15)

(/usr/share/texlive/texmf-dist/tex/latex/pgf/basiclayer/pgfcore.sty
(/usr/share/texlive/texmf-dist/tex/latex/graphics/graphicx.sty
Package: graphicx 2017/06/01 v1.1a Enhanced LaTeX Graphics (DPC,SPQR)

(/usr/share/texlive/texmf-dist/tex/latex/graphics/keyval.sty
Package: keyval 2014/10/28 v1.15 key=value parser (DPC)
\KV@toks@=\toks15
)
(/usr/share/texlive/texmf-dist/tex/latex/graphics/graphics.sty
Package: graphics 2017/06/25 v1.2c Standard LaTeX Graphics (DPC,SPQR)

(/usr/share/texlive/texmf-dist/tex/latex/graphics/trig.sty
Package: trig 2016/01/03 v1.10 sin cos tan (DPC)
)
(/usr/share/texlive/texmf-dist/tex/latex/graphics-cfg/graphics.cfg
File: graphics.cfg 2016/06/04 v1.11 sample graphics configuration
)
Package graphics Info: Driver file: xetex.def on input line 99.

(/usr/share/texlive/texmf-dist/tex/latex/graphics-def/xetex.def
File: xetex.def 2017/06/24 v5.0h Graphics/color driver for xetex
))
\Gin@req@height=\dimen105
\Gin@req@width=\dimen106
)
(/usr/share/texlive/texmf-dist/tex/latex/pgf/systemlayer/pgfsys.sty
(/usr/share/texlive/texmf-dist/tex/generic/pgf/systemlayer/pgfsys.code.tex
Package: pgfsys 2014/07/09 v3.0.1a (rcs-revision 1.48)

(/usr/share/texlive/texmf-dist/tex/generic/pgf/utilities/pgfkeys.code.tex
\pgfkeys@pathtoks=\toks16
\pgfkeys@temptoks=\toks17

(/usr/share/texlive/texmf-dist/tex/generic/pgf/utilities/pgfkeysfiltered.code.t
ex
\pgfkeys@tmptoks=\toks18
))
\pgf@x=\dimen107
\pgf@y=\dimen108
\pgf@xa=\dimen109
\pgf@ya=\dimen110
\pgf@xb=\dimen111
\pgf@yb=\dimen112
\pgf@xc=\dimen113
\pgf@yc=\dimen114
\w@pgf@writea=\write3
\r@pgf@reada=\read1
\c@pgf@counta=\count87
\c@pgf@countb=\count88
\c@pgf@countc=\count89
\c@pgf@countd=\count90
\t@pgf@toka=\toks19
\t@pgf@tokb=\toks20
\t@pgf@tokc=\toks21
 (/usr/share/texlive/texmf-dist/tex/generic/pgf/systemlayer/pgf.cfg
File: pgf.cfg 2008/05/14  (rcs-revision 1.7)
)
Driver file for pgf: pgfsys-xetex.def

(/usr/share/texlive/texmf-dist/tex/generic/pgf/systemlayer/pgfsys-xetex.def
File: pgfsys-xetex.def 2014/07/09  (rcs-revision 1.11)

(/usr/share/texlive/texmf-dist/tex/generic/pgf/systemlayer/pgfsys-dvipdfmx.def
File: pgfsys-dvipdfmx.def 2014/07/09  (rcs-revision 1.14)

(/usr/share/texlive/texmf-dist/tex/generic/pgf/systemlayer/pgfsys-common-pdf.de
f
File: pgfsys-common-pdf.def 2013/10/10  (rcs-revision 1.13)
)
\pgfsys@objnum=\count91
)))
(/usr/share/texlive/texmf-dist/tex/generic/pgf/systemlayer/pgfsyssoftpath.code.
tex
File: pgfsyssoftpath.code.tex 2013/09/09  (rcs-revision 1.9)
\pgfsyssoftpath@smallbuffer@items=\count92
\pgfsyssoftpath@bigbuffer@items=\count93
)
(/usr/share/texlive/texmf-dist/tex/generic/pgf/systemlayer/pgfsysprotocol.code.
tex
File: pgfsysprotocol.code.tex 2006/10/16  (rcs-revision 1.4)
)) (/usr/share/texlive/texmf-dist/tex/latex/xcolor/xcolor.sty
Package: xcolor 2016/05/11 v2.12 LaTeX color extensions (UK)

(/usr/share/texlive/texmf-dist/tex/latex/graphics-cfg/color.cfg
File: color.cfg 2016/01/02 v1.6 sample color configuration
)
Package xcolor Info: Driver file: xetex.def on input line 225.
Package xcolor Info: Model `cmy' substituted by `cmy0' on input line 1348.
Package xcolor Info: Model `RGB' extended on input line 1364.
Package xcolor Info: Model `HTML' substituted by `rgb' on input line 1366.
Package xcolor Info: Model `Hsb' substituted by `hsb' on input line 1367.
Package xcolor Info: Model `tHsb' substituted by `hsb' on input line 1368.
Package xcolor Info: Model `HSB' substituted by `hsb' on input line 1369.
Package xcolor Info: Model `Gray' substituted by `gray' on input line 1370.
Package xcolor Info: Model `wave' substituted by `hsb' on input line 1371.
)
(/usr/share/texlive/texmf-dist/tex/generic/pgf/basiclayer/pgfcore.code.tex
Package: pgfcore 2010/04/11 v3.0.1a (rcs-revision 1.7)

(/usr/share/texlive/texmf-dist/tex/generic/pgf/math/pgfmath.code.tex
(/usr/share/texlive/texmf-dist/tex/generic/pgf/math/pgfmathcalc.code.tex
(/usr/share/texlive/texmf-dist/tex/generic/pgf/math/pgfmathutil.code.tex)
(/usr/share/texlive/texmf-dist/tex/generic/pgf/math/pgfmathparser.code.tex
\pgfmath@dimen=\dimen115
\pgfmath@count=\count94
\pgfmath@box=\box27
\pgfmath@toks=\toks22
\pgfmath@stack@operand=\toks23
\pgfmath@stack@operation=\toks24
)
(/usr/share/texlive/texmf-dist/tex/generic/pgf/math/pgfmathfunctions.code.tex
(/usr/share/texlive/texmf-dist/tex/generic/pgf/math/pgfmathfunctions.basic.code
.tex)
(/usr/share/texlive/texmf-dist/tex/generic/pgf/math/pgfmathfunctions.trigonomet
ric.code.tex)
(/usr/share/texlive/texmf-dist/tex/generic/pgf/math/pgfmathfunctions.random.cod
e.tex)
(/usr/share/texlive/texmf-dist/tex/generic/pgf/math/pgfmathfunctions.comparison
.code.tex)
(/usr/share/texlive/texmf-dist/tex/generic/pgf/math/pgfmathfunctions.base.code.
tex)
(/usr/share/texlive/texmf-dist/tex/generic/pgf/math/pgfmathfunctions.round.code
.tex)
(/usr/share/texlive/texmf-dist/tex/generic/pgf/math/pgfmathfunctions.misc.code.
tex)
(/usr/share/texlive/texmf-dist/tex/generic/pgf/math/pgfmathfunctions.integerari
thmetics.code.tex)))
(/usr/share/texlive/texmf-dist/tex/generic/pgf/math/pgfmathfloat.code.tex
\c@pgfmathroundto@lastzeros=\count95
))
(/usr/share/texlive/texmf-dist/tex/generic/pgf/basiclayer/pgfcorepoints.code.te
x
File: pgfcorepoints.code.tex 2013/10/07  (rcs-revision 1.27)
\pgf@picminx=\dimen116
\pgf@picmaxx=\dimen117
\pgf@picminy=\dimen118
\pgf@picmaxy=\dimen119
\pgf@pathminx=\dimen120
\pgf@pathmaxx=\dimen121
\pgf@pathminy=\dimen122
\pgf@pathmaxy=\dimen123
\pgf@xx=\dimen124
\pgf@xy=\dimen125
\pgf@yx=\dimen126
\pgf@yy=\dimen127
\pgf@zx=\dimen128
\pgf@zy=\dimen129
)
(/usr/share/texlive/texmf-dist/tex/generic/pgf/basiclayer/pgfcorepathconstruct.
code.tex
File: pgfcorepathconstruct.code.tex 2013/10/07  (rcs-revision 1.29)
\pgf@path@lastx=\dimen130
\pgf@path@lasty=\dimen131
)
(/usr/share/texlive/texmf-dist/tex/generic/pgf/basiclayer/pgfcorepathusage.code
.tex
File: pgfcorepathusage.code.tex 2014/11/02  (rcs-revision 1.24)
\pgf@shorten@end@additional=\dimen132
\pgf@shorten@start@additional=\dimen133
)
(/usr/share/texlive/texmf-dist/tex/generic/pgf/basiclayer/pgfcorescopes.code.te
x
File: pgfcorescopes.code.tex 2015/05/08  (rcs-revision 1.46)
\pgfpic=\box28
\pgf@hbox=\box29
\pgf@layerbox@main=\box30
\pgf@picture@serial@count=\count96
)
(/usr/share/texlive/texmf-dist/tex/generic/pgf/basiclayer/pgfcoregraphicstate.c
ode.tex
File: pgfcoregraphicstate.code.tex 2014/11/02  (rcs-revision 1.12)
\pgflinewidth=\dimen134
)
(/usr/share/texlive/texmf-dist/tex/generic/pgf/basiclayer/pgfcoretransformation
s.code.tex
File: pgfcoretransformations.code.tex 2015/08/07  (rcs-revision 1.20)
\pgf@pt@x=\dimen135
\pgf@pt@y=\dimen136
\pgf@pt@temp=\dimen137
)
(/usr/share/texlive/texmf-dist/tex/generic/pgf/basiclayer/pgfcorequick.code.tex
File: pgfcorequick.code.tex 2008/10/09  (rcs-revision 1.3)
)
(/usr/share/texlive/texmf-dist/tex/generic/pgf/basiclayer/pgfcoreobjects.code.t
ex
File: pgfcoreobjects.code.tex 2006/10/11  (rcs-revision 1.2)
)
(/usr/share/texlive/texmf-dist/tex/generic/pgf/basiclayer/pgfcorepathprocessing
.code.tex
File: pgfcorepathprocessing.code.tex 2013/09/09  (rcs-revision 1.9)
)
(/usr/share/texlive/texmf-dist/tex/generic/pgf/basiclayer/pgfcorearrows.code.te
x
File: pgfcorearrows.code.tex 2015/05/14  (rcs-revision 1.43)
\pgfarrowsep=\dimen138
)
(/usr/share/texlive/texmf-dist/tex/generic/pgf/basiclayer/pgfcoreshade.code.tex
File: pgfcoreshade.code.tex 2013/07/15  (rcs-revision 1.15)
\pgf@max=\dimen139
\pgf@sys@shading@range@num=\count97
)
(/usr/share/texlive/texmf-dist/tex/generic/pgf/basiclayer/pgfcoreimage.code.tex
File: pgfcoreimage.code.tex 2013/07/15  (rcs-revision 1.18)

(/usr/share/texlive/texmf-dist/tex/generic/pgf/basiclayer/pgfcoreexternal.code.
tex
File: pgfcoreexternal.code.tex 2014/07/09  (rcs-revision 1.21)
\pgfexternal@startupbox=\box31
))
(/usr/share/texlive/texmf-dist/tex/generic/pgf/basiclayer/pgfcorelayers.code.te
x
File: pgfcorelayers.code.tex 2013/07/18  (rcs-revision 1.7)
)
(/usr/share/texlive/texmf-dist/tex/generic/pgf/basiclayer/pgfcoretransparency.c
ode.tex
File: pgfcoretransparency.code.tex 2013/09/30  (rcs-revision 1.5)
)
(/usr/share/texlive/texmf-dist/tex/generic/pgf/basiclayer/pgfcorepatterns.code.
tex
File: pgfcorepatterns.code.tex 2013/11/07  (rcs-revision 1.5)
)))
(/usr/share/texlive/texmf-dist/tex/generic/pgf/modules/pgfmoduleshapes.code.tex
File: pgfmoduleshapes.code.tex 2014/03/21  (rcs-revision 1.35)
\pgfnodeparttextbox=\box32
) (/usr/share/texlive/texmf-dist/tex/generic/pgf/modules/pgfmoduleplot.code.tex
File: pgfmoduleplot.code.tex 2015/08/03  (rcs-revision 1.13)
)
(/usr/share/texlive/texmf-dist/tex/latex/pgf/compatibility/pgfcomp-version-0-65
.sty
Package: pgfcomp-version-0-65 2007/07/03 v3.0.1a (rcs-revision 1.7)
\pgf@nodesepstart=\dimen140
\pgf@nodesepend=\dimen141
)
(/usr/share/texlive/texmf-dist/tex/latex/pgf/compatibility/pgfcomp-version-1-18
.sty
Package: pgfcomp-version-1-18 2007/07/23 v3.0.1a (rcs-revision 1.1)
)) (/usr/share/texlive/texmf-dist/tex/latex/tools/verbatim.sty
Package: verbatim 2014/10/28 v1.5q LaTeX2e package for verbatim enhancements
\every@verbatim=\toks25
\verbatim@line=\toks26
\verbatim@in@stream=\read2
)
(/usr/share/texlive/texmf-dist/tex/latex/environ/environ.sty
Package: environ 2014/05/04 v0.3 A new way to define environments

(/usr/share/texlive/texmf-dist/tex/latex/trimspaces/trimspaces.sty
Package: trimspaces 2009/09/17 v1.1 Trim spaces around a token list
)
\@envbody=\toks27
)
(/usr/share/texlive/texmf-dist/tex/latex/etoolbox/etoolbox.sty
Package: etoolbox 2018/02/11 v2.5e e-TeX tools for LaTeX (JAW)
\etb@tempcnta=\count98
)
\tcb@titlebox=\box33
\tcb@upperbox=\box34
\tcb@lowerbox=\box35
\tcb@phantombox=\box36
\c@tcbbreakpart=\count99
\c@tcblayer=\count100
\tcolorbox@number=\count101
\tcb@temp=\box37
\tcb@temp=\box38
\tcb@temp=\box39
\tcb@temp=\box40
\tcb@out=\write4
\tcb@record@out=\write5

(/usr/share/texlive/texmf-dist/tex/latex/tcolorbox/tcbbreakable.code.tex
Library (tcolorbox): 'tcbbreakable.code.tex' version '4.12'
\tcb@testbox=\box41
\tcb@totalupperbox=\box42
\tcb@totallowerbox=\box43
)) (/usr/share/texlive/texmf-dist/tex/latex/parskip/parskip.sty
Package: parskip 2001/04/09 non-zero parskip adjustments
)
(/usr/share/texlive/texmf-dist/tex/generic/babel/babel.sty
Package: babel 2018/02/14 3.18 The Babel package

(/usr/share/texlive/texmf-dist/tex/generic/babel/switch.def
File: switch.def 2018/02/14 3.18 Babel switching mechanism
)
(/usr/share/texlive/texmf-dist/tex/generic/babel-portuges/portuges.ldf
Language: portuges 2008/03/18 v1.2q Portuguese support from the babel system

(/usr/share/texlive/texmf-dist/tex/generic/babel/babel.def
File: babel.def 2018/02/14 3.18 Babel common definitions
\babel@savecnt=\count102
\U@D=\dimen142

(/usr/share/texlive/texmf-dist/tex/generic/babel/xebabel.def
(/usr/share/texlive/texmf-dist/tex/generic/babel/txtbabel.def))
\bbl@dirlevel=\count103
)
\l@brazilian = a dialect from \language\l@portuges 
Package babel Info: Making " an active character on input line 145.
))
(/usr/share/texlive/texmf-dist/tex/generic/iftex/iftex.sty
Package: iftex 2013/04/04 v0.2 Provides if(tex) conditional for PDFTeX, XeTeX, 
and LuaTeX
)
(/usr/share/texlive/texmf-dist/tex/latex/fontspec/fontspec.sty
(/usr/share/texlive/texmf-dist/tex/latex/l3packages/xparse/xparse.sty
(/usr/share/texlive/texmf-dist/tex/latex/l3kernel/expl3.sty
Package: expl3 2018/02/21 L3 programming layer (loader) 

(/usr/share/texlive/texmf-dist/tex/latex/l3kernel/expl3-code.tex
Package: expl3 2018/02/21 L3 programming layer (code)
\c_max_int=\count104
\l_tmpa_int=\count105
\l_tmpb_int=\count106
\g_tmpa_int=\count107
\g_tmpb_int=\count108
\g__intarray_font_int=\count109
\g__prg_map_int=\count110
\c_log_iow=\count111
\l_iow_line_count_int=\count112
\l__iow_line_target_int=\count113
\l__iow_one_indent_int=\count114
\l__iow_indent_int=\count115
\c_zero_dim=\dimen143
\c_max_dim=\dimen144
\l_tmpa_dim=\dimen145
\l_tmpb_dim=\dimen146
\g_tmpa_dim=\dimen147
\g_tmpb_dim=\dimen148
\c_zero_skip=\skip43
\c_max_skip=\skip44
\l_tmpa_skip=\skip45
\l_tmpb_skip=\skip46
\g_tmpa_skip=\skip47
\g_tmpb_skip=\skip48
\c_zero_muskip=\muskip10
\c_max_muskip=\muskip11
\l_tmpa_muskip=\muskip12
\l_tmpb_muskip=\muskip13
\g_tmpa_muskip=\muskip14
\g_tmpb_muskip=\muskip15
\l_keys_choice_int=\count116
\c__fp_leading_shift_int=\count117
\c__fp_middle_shift_int=\count118
\c__fp_trailing_shift_int=\count119
\c__fp_big_leading_shift_int=\count120
\c__fp_big_middle_shift_int=\count121
\c__fp_big_trailing_shift_int=\count122
\c__fp_Bigg_leading_shift_int=\count123
\c__fp_Bigg_middle_shift_int=\count124
\c__fp_Bigg_trailing_shift_int=\count125
\l__sort_length_int=\count126
\l__sort_min_int=\count127
\l__sort_top_int=\count128
\l__sort_max_int=\count129
\l__sort_true_max_int=\count130
\l__sort_block_int=\count131
\l__sort_begin_int=\count132
\l__sort_end_int=\count133
\l__sort_A_int=\count134
\l__sort_B_int=\count135
\l__sort_C_int=\count136
\l__tl_build_start_index_int=\count137
\l__tl_build_index_int=\count138
\l__tl_analysis_normal_int=\count139
\l__tl_analysis_index_int=\count140
\l__tl_analysis_nesting_int=\count141
\l__tl_analysis_type_int=\count142
\l__regex_internal_a_int=\count143
\l__regex_internal_b_int=\count144
\l__regex_internal_c_int=\count145
\l__regex_balance_int=\count146
\l__regex_group_level_int=\count147
\l__regex_mode_int=\count148
\c__regex_cs_in_class_mode_int=\count149
\c__regex_cs_mode_int=\count150
\l__regex_catcodes_int=\count151
\l__regex_default_catcodes_int=\count152
\c__regex_catcode_L_int=\count153
\c__regex_catcode_O_int=\count154
\c__regex_catcode_A_int=\count155
\c__regex_all_catcodes_int=\count156
\l__regex_show_lines_int=\count157
\l__regex_min_state_int=\count158
\l__regex_max_state_int=\count159
\l__regex_left_state_int=\count160
\l__regex_right_state_int=\count161
\l__regex_capturing_group_int=\count162
\l__regex_min_pos_int=\count163
\l__regex_max_pos_int=\count164
\l__regex_curr_pos_int=\count165
\l__regex_start_pos_int=\count166
\l__regex_success_pos_int=\count167
\l__regex_curr_char_int=\count168
\l__regex_curr_catcode_int=\count169
\l__regex_last_char_int=\count170
\l__regex_case_changed_char_int=\count171
\l__regex_curr_state_int=\count172
\l__regex_step_int=\count173
\l__regex_min_active_int=\count174
\l__regex_max_active_int=\count175
\l__regex_replacement_csnames_int=\count176
\l__regex_match_count_int=\count177
\l__regex_min_submatch_int=\count178
\l__regex_submatch_int=\count179
\l__regex_zeroth_submatch_int=\count180
\g__regex_trace_regex_int=\count181
\c_empty_box=\box44
\l_tmpa_box=\box45
\l_tmpb_box=\box46
\g_tmpa_box=\box47
\g_tmpb_box=\box48
\l__box_top_dim=\dimen149
\l__box_bottom_dim=\dimen150
\l__box_left_dim=\dimen151
\l__box_right_dim=\dimen152
\l__box_top_new_dim=\dimen153
\l__box_bottom_new_dim=\dimen154
\l__box_left_new_dim=\dimen155
\l__box_right_new_dim=\dimen156
\l__box_internal_box=\box49
\l__coffin_internal_box=\box50
\l__coffin_internal_dim=\dimen157
\l__coffin_offset_x_dim=\dimen158
\l__coffin_offset_y_dim=\dimen159
\l__coffin_x_dim=\dimen160
\l__coffin_y_dim=\dimen161
\l__coffin_x_prime_dim=\dimen162
\l__coffin_y_prime_dim=\dimen163
\c_empty_coffin=\box51
\l__coffin_aligned_coffin=\box52
\l__coffin_aligned_internal_coffin=\box53
\l_tmpa_coffin=\box54
\l_tmpb_coffin=\box55
\l__coffin_display_coffin=\box56
\l__coffin_display_coord_coffin=\box57
\l__coffin_display_pole_coffin=\box58
\l__coffin_display_offset_dim=\dimen164
\l__coffin_display_x_dim=\dimen165
\l__coffin_display_y_dim=\dimen166
\l__coffin_bounding_shift_dim=\dimen167
\l__coffin_left_corner_dim=\dimen168
\l__coffin_right_corner_dim=\dimen169
\l__coffin_bottom_corner_dim=\dimen170
\l__coffin_top_corner_dim=\dimen171
\l__coffin_scaled_total_height_dim=\dimen172
\l__coffin_scaled_width_dim=\dimen173
)
(/usr/share/texlive/texmf-dist/tex/latex/l3kernel/l3xdvipdfmx.def
File: l3xdvidpfmx.def 2017/03/18 v L3 Experimental driver: xdvipdfmx
\g__driver_image_int=\count182
\l__driver_tmp_box=\box59
))
Package: xparse 2018/02/21 L3 Experimental document command parser
\l__xparse_current_arg_int=\count183
\g__xparse_grabber_int=\count184
\l__xparse_m_args_int=\count185
\l__xparse_mandatory_args_int=\count186
\l__xparse_v_nesting_int=\count187
)
Package: fontspec 2017/11/09 v2.6g Font selection for XeLaTeX and LuaLaTeX

(/usr/share/texlive/texmf-dist/tex/latex/fontspec/fontspec-xetex.sty
Package: fontspec-xetex 2017/11/09 v2.6g Font selection for XeLaTeX and LuaLaTe
X
\l__fontspec_script_int=\count188
\l__fontspec_language_int=\count189
\l__fontspec_strnum_int=\count190
\l__fontspec_tmp_int=\count191
\l__fontspec_em_int=\count192
\l__fontspec_emdef_int=\count193
\l__fontspec_strong_int=\count194
\l__fontspec_strongdef_int=\count195
\l__fontspec_tmpa_dim=\dimen174
\l__fontspec_tmpb_dim=\dimen175
\l__fontspec_tmpc_dim=\dimen176
\g__file_internal_ior=\read3

(/usr/share/texlive/texmf-dist/tex/latex/base/fontenc.sty
Package: fontenc 2017/04/05 v2.0i Standard LaTeX package

(/usr/share/texlive/texmf-dist/tex/latex/base/tuenc.def
File: tuenc.def 2017/04/05 v2.0i Standard LaTeX file
LaTeX Font Info:    Redeclaring font encoding TU on input line 82.
))
.................................................
. LaTeX info: "xparse/define-command"
. 
. Defining command \fontspec with sig. 'O{}mO{}' on line 542.
.................................................
.................................................
. LaTeX info: "xparse/define-command"
. 
. Defining command \setmainfont with sig. 'O{}mO{}' on line 546.
.................................................
.................................................
. LaTeX info: "xparse/define-command"
. 
. Defining command \setsansfont with sig. 'O{}mO{}' on line 550.
.................................................
.................................................
. LaTeX info: "xparse/define-command"
. 
. Defining command \setmonofont with sig. 'O{}mO{}' on line 554.
.................................................
.................................................
. LaTeX info: "xparse/define-command"
. 
. Defining command \setmathrm with sig. 'O{}mO{}' on line 558.
.................................................
.................................................
. LaTeX info: "xparse/define-command"
. 
. Defining command \setboldmathrm with sig. 'O{}mO{}' on line 562.
.................................................
.................................................
. LaTeX info: "xparse/define-command"
. 
. Defining command \setmathsf with sig. 'O{}mO{}' on line 566.
.................................................
.................................................
. LaTeX info: "xparse/define-command"
. 
. Defining command \setmathtt with sig. 'O{}mO{}' on line 570.
.................................................
.................................................
. LaTeX info: "xparse/define-command"
. 
. Defining command \setromanfont with sig. 'O{}mO{}' on line 574.
.................................................
.................................................
. LaTeX info: "xparse/define-command"
. 
. Defining command \newfontfamily with sig. 'mO{}mO{}' on line 578.
.................................................
.................................................
. LaTeX info: "xparse/define-command"
. 
. Defining command \newfontface with sig. 'mO{}mO{}' on line 582.
.................................................
.................................................
. LaTeX info: "xparse/define-command"
. 
. Defining command \defaultfontfeatures with sig. 't+om' on line 586.
.................................................
.................................................
. LaTeX info: "xparse/define-command"
. 
. Defining command \addfontfeatures with sig. 'm' on line 590.
.................................................
.................................................
. LaTeX info: "xparse/define-command"
. 
. Defining command \addfontfeature with sig. 'm' on line 594.
.................................................
.................................................
. LaTeX info: "xparse/define-command"
. 
. Defining command \newfontfeature with sig. 'mm' on line 598.
.................................................
.................................................
. LaTeX info: "xparse/define-command"
. 
. Defining command \newAATfeature with sig. 'mmmm' on line 602.
.................................................
.................................................
. LaTeX info: "xparse/define-command"
. 
. Defining command \newopentypefeature with sig. 'mmm' on line 606.
.................................................
.................................................
. LaTeX info: "xparse/define-command"
. 
. Defining command \newICUfeature with sig. 'mmm' on line 610.
.................................................
.................................................
. LaTeX info: "xparse/define-command"
. 
. Defining command \aliasfontfeature with sig. 'mm' on line 614.
.................................................
.................................................
. LaTeX info: "xparse/define-command"
. 
. Defining command \aliasfontfeatureoption with sig. 'mmm' on line 618.
.................................................
.................................................
. LaTeX info: "xparse/define-command"
. 
. Defining command \newfontscript with sig. 'mm' on line 622.
.................................................
.................................................
. LaTeX info: "xparse/define-command"
. 
. Defining command \newfontlanguage with sig. 'mm' on line 626.
.................................................
.................................................
. LaTeX info: "xparse/define-command"
. 
. Defining command \DeclareFontsExtensions with sig. 'm' on line 630.
.................................................
.................................................
. LaTeX info: "xparse/define-command"
. 
. Defining command \IfFontFeatureActiveTF with sig. 'mmm' on line 634.
.................................................
.................................................
. LaTeX info: "xparse/define-command"
. 
. Defining command \EncodingCommand with sig. 'mO{}m' on line 3632.
.................................................
.................................................
. LaTeX info: "xparse/define-command"
. 
. Defining command \EncodingAccent with sig. 'mm' on line 3638.
.................................................
.................................................
. LaTeX info: "xparse/define-command"
. 
. Defining command \EncodingSymbol with sig. 'mm' on line 3644.
.................................................
.................................................
. LaTeX info: "xparse/define-command"
. 
. Defining command \EncodingComposite with sig. 'mmm' on line 3650.
.................................................
.................................................
. LaTeX info: "xparse/define-command"
. 
. Defining command \EncodingCompositeCommand with sig. 'mmm' on line 3656.
.................................................
.................................................
. LaTeX info: "xparse/define-command"
. 
. Defining command \DeclareUnicodeEncoding with sig. 'mm' on line 3681.
.................................................
.................................................
. LaTeX info: "xparse/define-command"
. 
. Defining command \UndeclareSymbol with sig. 'm' on line 3687.
.................................................
.................................................
. LaTeX info: "xparse/define-command"
. 
. Defining command \UndeclareAccent with sig. 'm' on line 3693.
.................................................
.................................................
. LaTeX info: "xparse/define-command"
. 
. Defining command \UndeclareCommand with sig. 'm' on line 3699.
.................................................
.................................................
. LaTeX info: "xparse/define-command"
. 
. Defining command \UndeclareComposite with sig. 'mm' on line 3706.
.................................................

(/usr/share/texlive/texmf-dist/tex/latex/fontspec/fontspec.cfg)
LaTeX Info: Redefining \itshape on input line 3891.
LaTeX Info: Redefining \slshape on input line 3896.
LaTeX Info: Redefining \scshape on input line 3901.
LaTeX Info: Redefining \upshape on input line 3906.
LaTeX Info: Redefining \em on input line 3936.
LaTeX Info: Redefining \emph on input line 3961.
LaTeX Info: Redefining \- on input line 4015.
.................................................
. LaTeX info: "xparse/redefine-command"
. 
. Redefining command \oldstylenums with sig. 'm' on line 4110.
.................................................
.................................................
. LaTeX info: "xparse/define-command"
. 
. Defining command \liningnums with sig. 'm' on line 4114.
.................................................
))
(/usr/share/texlive/texmf-dist/tex/latex/caption/caption.sty
Package: caption 2016/02/21 v3.3-144 Customizing captions (AR)

(/usr/share/texlive/texmf-dist/tex/latex/caption/caption3.sty
Package: caption3 2016/05/22 v1.7-166 caption3 kernel (AR)
Package caption3 Info: TeX engine: e-TeX on input line 67.
\captionmargin=\dimen177
\captionmargin@=\dimen178
\captionwidth=\dimen179
\caption@tempdima=\dimen180
\caption@indent=\dimen181
\caption@parindent=\dimen182
\caption@hangindent=\dimen183
)
\c@ContinuedFloat=\count196
)
(/usr/share/texlive/texmf-dist/tex/latex/adjustbox/adjustbox.sty
Package: adjustbox 2012/05/21 v1.0 Adjusting TeX boxes (trim, clip, ...)

(/usr/share/texlive/texmf-dist/tex/latex/xkeyval/xkeyval.sty
Package: xkeyval 2014/12/03 v2.7a package option processing (HA)

(/usr/share/texlive/texmf-dist/tex/generic/xkeyval/xkeyval.tex
(/usr/share/texlive/texmf-dist/tex/generic/xkeyval/xkvutils.tex
\XKV@toks=\toks28
\XKV@tempa@toks=\toks29
)
\XKV@depth=\count197
File: xkeyval.tex 2014/12/03 v2.7a key=value parser (HA)
))
(/usr/share/texlive/texmf-dist/tex/latex/adjustbox/adjcalc.sty
Package: adjcalc 2012/05/16 v1.1 Provides advanced setlength with multiple back
-ends (calc, etex, pgfmath)
)
(/usr/share/texlive/texmf-dist/tex/latex/adjustbox/trimclip.sty
Package: trimclip 2012/05/16 v1.0 Trim and clip general TeX material

(/usr/share/texlive/texmf-dist/tex/latex/collectbox/collectbox.sty
Package: collectbox 2012/05/17 v0.4b Collect macro arguments as boxes
\collectedbox=\box60
)
\tc@llx=\dimen184
\tc@lly=\dimen185
\tc@urx=\dimen186
\tc@ury=\dimen187
Package trimclip Info: Using driver 'tc-xetex.def'.

(/usr/share/texlive/texmf-dist/tex/latex/adjustbox/tc-xetex.def
File: tc-xetex.def 2012/05/13 v1.0 Clipping driver for xetex
))
\adjbox@Width=\dimen188
\adjbox@Height=\dimen189
\adjbox@Depth=\dimen190
\adjbox@Totalheight=\dimen191

(/usr/share/texlive/texmf-dist/tex/latex/ifoddpage/ifoddpage.sty
Package: ifoddpage 2016/04/23 v1.1 Conditionals for odd/even page detection
\c@checkoddpage=\count198
)
(/usr/share/texlive/texmf-dist/tex/latex/varwidth/varwidth.sty
Package: varwidth 2009/03/30 ver 0.92;  Variable-width minipages
\@vwid@box=\box61
\sift@deathcycles=\count199
\@vwid@loff=\dimen192
\@vwid@roff=\dimen193
))
(/usr/share/texlive/texmf-dist/tex/latex/float/float.sty
Package: float 2001/11/08 v1.3d Float enhancements (AL)
\c@float@type=\count266
\float@exts=\toks30
\float@box=\box62
\@float@everytoks=\toks31
\@floatcapt=\box63
)
(/usr/share/texlive/texmf-dist/tex/latex/tools/enumerate.sty
Package: enumerate 2015/07/23 v3.00 enumerate extensions (DPC)
\@enLab=\toks32
)
(/usr/share/texlive/texmf-dist/tex/latex/geometry/geometry.sty
Package: geometry 2010/09/12 v5.6 Page Geometry

(/usr/share/texlive/texmf-dist/tex/generic/oberdiek/ifpdf.sty
Package: ifpdf 2017/03/15 v3.2 Provides the ifpdf switch
)
(/usr/share/texlive/texmf-dist/tex/generic/oberdiek/ifvtex.sty
Package: ifvtex 2016/05/16 v1.6 Detect VTeX and its facilities (HO)
Package ifvtex Info: VTeX not detected.
)
(/usr/share/texlive/texmf-dist/tex/generic/ifxetex/ifxetex.sty
Package: ifxetex 2010/09/12 v0.6 Provides ifxetex conditional
)
\Gm@cnth=\count267
\Gm@cntv=\count268
\c@Gm@tempcnt=\count269
\Gm@bindingoffset=\dimen194
\Gm@wd@mp=\dimen195
\Gm@odd@mp=\dimen196
\Gm@even@mp=\dimen197
\Gm@layoutwidth=\dimen198
\Gm@layoutheight=\dimen199
\Gm@layouthoffset=\dimen256
\Gm@layoutvoffset=\dimen257
\Gm@dimlist=\toks33
)
(/usr/share/texlive/texmf-dist/tex/latex/amsmath/amsmath.sty
Package: amsmath 2017/09/02 v2.17a AMS math features
\@mathmargin=\skip49

For additional information on amsmath, use the `?' option.
(/usr/share/texlive/texmf-dist/tex/latex/amsmath/amstext.sty
Package: amstext 2000/06/29 v2.01 AMS text

(/usr/share/texlive/texmf-dist/tex/latex/amsmath/amsgen.sty
File: amsgen.sty 1999/11/30 v2.0 generic functions
\@emptytoks=\toks34
\ex@=\dimen258
))
(/usr/share/texlive/texmf-dist/tex/latex/amsmath/amsbsy.sty
Package: amsbsy 1999/11/29 v1.2d Bold Symbols
\pmbraise@=\dimen259
)
(/usr/share/texlive/texmf-dist/tex/latex/amsmath/amsopn.sty
Package: amsopn 2016/03/08 v2.02 operator names
)
\inf@bad=\count270
LaTeX Info: Redefining \frac on input line 213.
\uproot@=\count271
\leftroot@=\count272
LaTeX Info: Redefining \overline on input line 375.
\classnum@=\count273
\DOTSCASE@=\count274
LaTeX Info: Redefining \ldots on input line 472.
LaTeX Info: Redefining \dots on input line 475.
LaTeX Info: Redefining \cdots on input line 596.
\Mathstrutbox@=\box64
\strutbox@=\box65
\big@size=\dimen260
LaTeX Font Info:    Redeclaring font encoding OML on input line 712.
LaTeX Font Info:    Redeclaring font encoding OMS on input line 713.
\macc@depth=\count275
\c@MaxMatrixCols=\count276
\dotsspace@=\muskip16
\c@parentequation=\count277
\dspbrk@lvl=\count278
\tag@help=\toks35
\row@=\count279
\column@=\count280
\maxfields@=\count281
\andhelp@=\toks36
\eqnshift@=\dimen261
\alignsep@=\dimen262
\tagshift@=\dimen263
\tagwidth@=\dimen264
\totwidth@=\dimen265
\lineht@=\dimen266
\@envbody=\toks37
\multlinegap=\skip50
\multlinetaggap=\skip51
\mathdisplay@stack=\toks38
LaTeX Info: Redefining \[ on input line 2817.
LaTeX Info: Redefining \] on input line 2818.
)
(/usr/share/texlive/texmf-dist/tex/latex/amsfonts/amssymb.sty
Package: amssymb 2013/01/14 v3.01 AMS font symbols

(/usr/share/texlive/texmf-dist/tex/latex/amsfonts/amsfonts.sty
Package: amsfonts 2013/01/14 v3.01 Basic AMSFonts support
\symAMSa=\mathgroup4
\symAMSb=\mathgroup5
LaTeX Font Info:    Overwriting math alphabet `\mathfrak' in version `bold'
(Font)                  U/euf/m/n --> U/euf/b/n on input line 106.
))
(/usr/share/texlive/texmf-dist/tex/latex/base/textcomp.sty
Package: textcomp 2017/04/05 v2.0i Standard LaTeX package
Package textcomp Info: Sub-encoding information:
(textcomp)               5 = only ISO-Adobe without \textcurrency
(textcomp)               4 = 5 + \texteuro
(textcomp)               3 = 4 + \textohm
(textcomp)               2 = 3 + \textestimated + \textcurrency
(textcomp)               1 = TS1 - \textcircled - \t
(textcomp)               0 = TS1 (full)
(textcomp)             Font families with sub-encoding setting implement
(textcomp)             only a restricted character set as indicated.
(textcomp)             Family '?' is the default used for unknown fonts.
(textcomp)             See the documentation for details.
Package textcomp Info: Setting ? sub-encoding to TS1/1 on input line 79.

(/usr/share/texlive/texmf-dist/tex/latex/base/ts1enc.def
File: ts1enc.def 2001/06/05 v3.0e (jk/car/fm) Standard LaTeX file
)
LaTeX Info: Redefining \oldstylenums on input line 334.
Package textcomp Info: Setting cmr sub-encoding to TS1/0 on input line 349.
Package textcomp Info: Setting cmss sub-encoding to TS1/0 on input line 350.
Package textcomp Info: Setting cmtt sub-encoding to TS1/0 on input line 351.
Package textcomp Info: Setting cmvtt sub-encoding to TS1/0 on input line 352.
Package textcomp Info: Setting cmbr sub-encoding to TS1/0 on input line 353.
Package textcomp Info: Setting cmtl sub-encoding to TS1/0 on input line 354.
Package textcomp Info: Setting ccr sub-encoding to TS1/0 on input line 355.
Package textcomp Info: Setting ptm sub-encoding to TS1/4 on input line 356.
Package textcomp Info: Setting pcr sub-encoding to TS1/4 on input line 357.
Package textcomp Info: Setting phv sub-encoding to TS1/4 on input line 358.
Package textcomp Info: Setting ppl sub-encoding to TS1/3 on input line 359.
Package textcomp Info: Setting pag sub-encoding to TS1/4 on input line 360.
Package textcomp Info: Setting pbk sub-encoding to TS1/4 on input line 361.
Package textcomp Info: Setting pnc sub-encoding to TS1/4 on input line 362.
Package textcomp Info: Setting pzc sub-encoding to TS1/4 on input line 363.
Package textcomp Info: Setting bch sub-encoding to TS1/4 on input line 364.
Package textcomp Info: Setting put sub-encoding to TS1/5 on input line 365.
Package textcomp Info: Setting uag sub-encoding to TS1/5 on input line 366.
Package textcomp Info: Setting ugq sub-encoding to TS1/5 on input line 367.
Package textcomp Info: Setting ul8 sub-encoding to TS1/4 on input line 368.
Package textcomp Info: Setting ul9 sub-encoding to TS1/4 on input line 369.
Package textcomp Info: Setting augie sub-encoding to TS1/5 on input line 370.
Package textcomp Info: Setting dayrom sub-encoding to TS1/3 on input line 371.
Package textcomp Info: Setting dayroms sub-encoding to TS1/3 on input line 372.

Package textcomp Info: Setting pxr sub-encoding to TS1/0 on input line 373.
Package textcomp Info: Setting pxss sub-encoding to TS1/0 on input line 374.
Package textcomp Info: Setting pxtt sub-encoding to TS1/0 on input line 375.
Package textcomp Info: Setting txr sub-encoding to TS1/0 on input line 376.
Package textcomp Info: Setting txss sub-encoding to TS1/0 on input line 377.
Package textcomp Info: Setting txtt sub-encoding to TS1/0 on input line 378.
Package textcomp Info: Setting lmr sub-encoding to TS1/0 on input line 379.
Package textcomp Info: Setting lmdh sub-encoding to TS1/0 on input line 380.
Package textcomp Info: Setting lmss sub-encoding to TS1/0 on input line 381.
Package textcomp Info: Setting lmssq sub-encoding to TS1/0 on input line 382.
Package textcomp Info: Setting lmvtt sub-encoding to TS1/0 on input line 383.
Package textcomp Info: Setting lmtt sub-encoding to TS1/0 on input line 384.
Package textcomp Info: Setting qhv sub-encoding to TS1/0 on input line 385.
Package textcomp Info: Setting qag sub-encoding to TS1/0 on input line 386.
Package textcomp Info: Setting qbk sub-encoding to TS1/0 on input line 387.
Package textcomp Info: Setting qcr sub-encoding to TS1/0 on input line 388.
Package textcomp Info: Setting qcs sub-encoding to TS1/0 on input line 389.
Package textcomp Info: Setting qpl sub-encoding to TS1/0 on input line 390.
Package textcomp Info: Setting qtm sub-encoding to TS1/0 on input line 391.
Package textcomp Info: Setting qzc sub-encoding to TS1/0 on input line 392.
Package textcomp Info: Setting qhvc sub-encoding to TS1/0 on input line 393.
Package textcomp Info: Setting futs sub-encoding to TS1/4 on input line 394.
Package textcomp Info: Setting futx sub-encoding to TS1/4 on input line 395.
Package textcomp Info: Setting futj sub-encoding to TS1/4 on input line 396.
Package textcomp Info: Setting hlh sub-encoding to TS1/3 on input line 397.
Package textcomp Info: Setting hls sub-encoding to TS1/3 on input line 398.
Package textcomp Info: Setting hlst sub-encoding to TS1/3 on input line 399.
Package textcomp Info: Setting hlct sub-encoding to TS1/5 on input line 400.
Package textcomp Info: Setting hlx sub-encoding to TS1/5 on input line 401.
Package textcomp Info: Setting hlce sub-encoding to TS1/5 on input line 402.
Package textcomp Info: Setting hlcn sub-encoding to TS1/5 on input line 403.
Package textcomp Info: Setting hlcw sub-encoding to TS1/5 on input line 404.
Package textcomp Info: Setting hlcf sub-encoding to TS1/5 on input line 405.
Package textcomp Info: Setting pplx sub-encoding to TS1/3 on input line 406.
Package textcomp Info: Setting pplj sub-encoding to TS1/3 on input line 407.
Package textcomp Info: Setting ptmx sub-encoding to TS1/4 on input line 408.
Package textcomp Info: Setting ptmj sub-encoding to TS1/4 on input line 409.
)
(/usr/share/texlive/texmf-dist/tex/latex/upquote/upquote.sty
Package: upquote 2012/04/19 v1.3 upright-quote and grave-accent glyphs in verba
tim
)
(/usr/share/texlive/texmf-dist/tex/latex/eurosym/eurosym.sty
Package: eurosym 1998/08/06 v1.1 European currency symbol ``Euro''
\@eurobox=\box66
)
(/usr/share/texlive/texmf-dist/tex/latex/ucs/ucs.sty
Package: ucs 2013/05/11 v2.2 UCS: Unicode input support

(/usr/share/texlive/texmf-dist/tex/latex/ucs/data/uni-global.def
File: uni-global.def 2013/05/13 UCS: Unicode global data
)
\uc@secondtry=\count282
\uc@combtoks=\toks39
\uc@combtoksb=\toks40
\uc@temptokena=\toks41
)
(/usr/share/texlive/texmf-dist/tex/latex/fancyvrb/fancyvrb.sty
Package: fancyvrb 2008/02/07

Style option: `fancyvrb' v2.7a, with DG/SPQR fixes, and firstline=lastline fix 
<2008/02/07> (tvz)
\FV@CodeLineNo=\count283
\FV@InFile=\read4
\FV@TabBox=\box67
\c@FancyVerbLine=\count284
\FV@StepNumber=\count285
\FV@OutFile=\write6
)
(/usr/share/texlive/texmf-dist/tex/latex/oberdiek/grffile.sty
Package: grffile 2017/06/30 v1.18 Extended file name support for graphics (HO)

(/usr/share/texlive/texmf-dist/tex/latex/oberdiek/kvoptions.sty
Package: kvoptions 2016/05/16 v3.12 Key value format for package options (HO)

(/usr/share/texlive/texmf-dist/tex/generic/oberdiek/ltxcmds.sty
Package: ltxcmds 2016/05/16 v1.23 LaTeX kernel commands for general use (HO)
)
(/usr/share/texlive/texmf-dist/tex/generic/oberdiek/kvsetkeys.sty
Package: kvsetkeys 2016/05/16 v1.17 Key value parser (HO)

(/usr/share/texlive/texmf-dist/tex/generic/oberdiek/infwarerr.sty
Package: infwarerr 2016/05/16 v1.4 Providing info/warning/error messages (HO)
)
(/usr/share/texlive/texmf-dist/tex/generic/oberdiek/etexcmds.sty
Package: etexcmds 2016/05/16 v1.6 Avoid name clashes with e-TeX commands (HO)

(/usr/share/texlive/texmf-dist/tex/generic/oberdiek/ifluatex.sty
Package: ifluatex 2016/05/16 v1.4 Provides the ifluatex switch (HO)
Package ifluatex Info: LuaTeX not detected.
)
Package etexcmds Info: Could not find \expanded.
(etexcmds)             That can mean that you are not using pdfTeX 1.50 or
(etexcmds)             that some package has redefined \expanded.
(etexcmds)             In the latter case, load this package earlier.
)))
(/usr/share/texlive/texmf-dist/tex/generic/oberdiek/pdftexcmds.sty
Package: pdftexcmds 2018/01/21 v0.26 Utility functions of pdfTeX for LuaTeX (HO
)
Package pdftexcmds Info: LuaTeX not detected.
Package pdftexcmds Info: pdfTeX >= 1.30 not detected.
Package pdftexcmds Info: \pdf@primitive is available.
Package pdftexcmds Info: \pdf@ifprimitive is available.
Package pdftexcmds Info: \pdfdraftmode not found.
)
Package grffile Info: Option `multidot' is set to `true'.
Package grffile Info: Option `extendedchars' is set to `false'.
Package grffile Info: Option `space' is set to `true'.
Package grffile Info: \Gin@ii of package `graphicx' fixed on input line 494.
)
(/usr/share/texlive/texmf-dist/tex/latex/hyperref/hyperref.sty
Package: hyperref 2018/02/06 v6.86b Hypertext links for LaTeX

(/usr/share/texlive/texmf-dist/tex/generic/oberdiek/hobsub-hyperref.sty
Package: hobsub-hyperref 2016/05/16 v1.14 Bundle oberdiek, subset hyperref (HO)


(/usr/share/texlive/texmf-dist/tex/generic/oberdiek/hobsub-generic.sty
Package: hobsub-generic 2016/05/16 v1.14 Bundle oberdiek, subset generic (HO)
Package: hobsub 2016/05/16 v1.14 Construct package bundles (HO)
Package hobsub Info: Skipping package `infwarerr' (already loaded).
Package hobsub Info: Skipping package `ltxcmds' (already loaded).
Package hobsub Info: Skipping package `ifluatex' (already loaded).
Package hobsub Info: Skipping package `ifvtex' (already loaded).
Package: intcalc 2016/05/16 v1.2 Expandable calculations with integers (HO)
Package hobsub Info: Skipping package `ifpdf' (already loaded).
Package hobsub Info: Skipping package `etexcmds' (already loaded).
Package hobsub Info: Skipping package `kvsetkeys' (already loaded).
Package: kvdefinekeys 2016/05/16 v1.4 Define keys (HO)
Package hobsub Info: Skipping package `pdftexcmds' (already loaded).
Package: pdfescape 2016/05/16 v1.14 Implements pdfTeX's escape features (HO)
Package: bigintcalc 2016/05/16 v1.4 Expandable calculations on big integers (HO
)
Package: bitset 2016/05/16 v1.2 Handle bit-vector datatype (HO)
Package: uniquecounter 2016/05/16 v1.3 Provide unlimited unique counter (HO)
)
Package hobsub Info: Skipping package `hobsub' (already loaded).
Package: letltxmacro 2016/05/16 v1.5 Let assignment for LaTeX macros (HO)
Package: hopatch 2016/05/16 v1.3 Wrapper for package hooks (HO)
Package: xcolor-patch 2016/05/16 xcolor patch
Package: atveryend 2016/05/16 v1.9 Hooks at the very end of document (HO)
Package: atbegshi 2016/06/09 v1.18 At begin shipout hook (HO)
Package: refcount 2016/05/16 v3.5 Data extraction from label references (HO)
Package: hycolor 2016/05/16 v1.8 Color options for hyperref/bookmark (HO)
)
(/usr/share/texlive/texmf-dist/tex/latex/oberdiek/auxhook.sty
Package: auxhook 2016/05/16 v1.4 Hooks for auxiliary files (HO)
)
\@linkdim=\dimen267
\Hy@linkcounter=\count286
\Hy@pagecounter=\count287

(/usr/share/texlive/texmf-dist/tex/latex/hyperref/pd1enc.def
File: pd1enc.def 2018/02/06 v6.86b Hyperref: PDFDocEncoding definition (HO)
)
\Hy@SavedSpaceFactor=\count288

(/usr/share/texlive/texmf-dist/tex/latex/latexconfig/hyperref.cfg
File: hyperref.cfg 2002/06/06 v1.2 hyperref configuration of TeXLive
)
Package hyperref Info: Hyper figures OFF on input line 4509.
Package hyperref Info: Link nesting OFF on input line 4514.
Package hyperref Info: Hyper index ON on input line 4517.
Package hyperref Info: Plain pages OFF on input line 4524.
Package hyperref Info: Backreferencing OFF on input line 4529.
Package hyperref Info: Implicit mode ON; LaTeX internals redefined.
Package hyperref Info: Bookmarks ON on input line 4762.
\c@Hy@tempcnt=\count289

(/usr/share/texlive/texmf-dist/tex/latex/url/url.sty
\Urlmuskip=\muskip17
Package: url 2013/09/16  ver 3.4  Verb mode for urls, etc.
)
LaTeX Info: Redefining \url on input line 5115.
\XeTeXLinkMargin=\dimen268
\Fld@menulength=\count290
\Field@Width=\dimen269
\Fld@charsize=\dimen270
Package hyperref Info: Hyper figures OFF on input line 6369.
Package hyperref Info: Link nesting OFF on input line 6374.
Package hyperref Info: Hyper index ON on input line 6377.
Package hyperref Info: backreferencing OFF on input line 6384.
Package hyperref Info: Link coloring OFF on input line 6389.
Package hyperref Info: Link coloring with OCG OFF on input line 6394.
Package hyperref Info: PDF/A mode OFF on input line 6399.
LaTeX Info: Redefining \ref on input line 6439.
LaTeX Info: Redefining \pageref on input line 6443.
\Hy@abspage=\count291
\c@Item=\count292
\c@Hfootnote=\count293
)
Package hyperref Info: Driver (autodetected): hxetex.

(/usr/share/texlive/texmf-dist/tex/latex/hyperref/hxetex.def
File: hxetex.def 2018/02/06 v6.86b Hyperref driver for XeTeX

(/usr/share/texlive/texmf-dist/tex/latex/hyperref/puenc.def
File: puenc.def 2018/02/06 v6.86b Hyperref: PDF Unicode definition (HO)
)
(/usr/share/texlive/texmf-dist/tex/generic/oberdiek/stringenc.sty
Package: stringenc 2016/05/16 v1.11 Convert strings between diff. encodings (HO
)
)
\pdfm@box=\box68
\c@Hy@AnnotLevel=\count294
\HyField@AnnotCount=\count295
\Fld@listcount=\count296
\c@bookmark@seq@number=\count297

(/usr/share/texlive/texmf-dist/tex/latex/oberdiek/rerunfilecheck.sty
Package: rerunfilecheck 2016/05/16 v1.8 Rerun checks for auxiliary files (HO)
Package rerunfilecheck Info: Feature \pdfmdfivesum is not available
(rerunfilecheck)             (e.g. pdfTeX or LuaTeX with package `pdftexcmds').

(rerunfilecheck)             Therefore file contents cannot be checked efficien
tly
(rerunfilecheck)             and the loading of the package is aborted.
)
\Hy@SectionHShift=\skip52
)
(/usr/share/texlive/texmf-dist/tex/latex/titling/titling.sty
Package: titling 2009/09/04 v2.1d maketitle typesetting
\thanksmarkwidth=\skip53
\thanksmargin=\skip54
\droptitle=\skip55
)
(/usr/share/texlive/texmf-dist/tex/latex/tools/longtable.sty
Package: longtable 2014/10/28 v4.11 Multi-page Table package (DPC)
\LTleft=\skip56
\LTright=\skip57
\LTpre=\skip58
\LTpost=\skip59
\LTchunksize=\count298
\LTcapwidth=\dimen271
\LT@head=\box69
\LT@firsthead=\box70
\LT@foot=\box71
\LT@lastfoot=\box72
\LT@cols=\count299
\LT@rows=\count300
\c@LT@tables=\count301
\c@LT@chunks=\count302
\LT@p@ftn=\toks42
)
(/usr/share/texlive/texmf-dist/tex/latex/booktabs/booktabs.sty
Package: booktabs 2016/04/27 v1.618033 publication quality tables
\heavyrulewidth=\dimen272
\lightrulewidth=\dimen273
\cmidrulewidth=\dimen274
\belowrulesep=\dimen275
\belowbottomsep=\dimen276
\aboverulesep=\dimen277
\abovetopsep=\dimen278
\cmidrulesep=\dimen279
\cmidrulekern=\dimen280
\defaultaddspace=\dimen281
\@cmidla=\count303
\@cmidlb=\count304
\@aboverulesep=\dimen282
\@belowrulesep=\dimen283
\@thisruleclass=\count305
\@lastruleclass=\count306
\@thisrulewidth=\dimen284
)
(/usr/share/texlive/texmf-dist/tex/latex/enumitem/enumitem.sty
Package: enumitem 2011/09/28 v3.5.2 Customized lists
\labelindent=\skip60
\enit@outerparindent=\dimen285
\enit@toks=\toks43
\enit@inbox=\box73
\enitdp@description=\count307
)
(/usr/share/texlive/texmf-dist/tex/generic/ulem/ulem.sty
\UL@box=\box74
\UL@hyphenbox=\box75
\UL@skip=\skip61
\UL@hook=\toks44
\UL@height=\dimen286
\UL@pe=\count308
\UL@pixel=\dimen287
\ULC@box=\box76
Package: ulem 2012/05/18
\ULdepth=\dimen288
)
(/usr/share/texlive/texmf-dist/tex/latex/jknapltx/mathrsfs.sty
Package: mathrsfs 1996/01/01 Math RSFS package v1.0 (jk)
\symrsfs=\mathgroup6
)
\Wrappedcontinuationbox=\box77
\Wrappedvisiblespacebox=\box78
Package hyperref Info: Option `breaklinks' set `true' on input line 360.
Package hyperref Info: Option `colorlinks' set `true' on input line 360.
 (./full.aux

LaTeX Warning: Label `strings' multiply defined.


LaTeX Warning: Label `exercuxedcios' multiply defined.


LaTeX Warning: Label `exercuxedcios' multiply defined.


LaTeX Warning: Label `exercuxedcios' multiply defined.


LaTeX Warning: Label `funuxe7uxf5es' multiply defined.


LaTeX Warning: Label `exercuxedcios' multiply defined.


LaTeX Warning: Label `d' multiply defined.

)
\openout1 = `full.aux'.

LaTeX Font Info:    Checking defaults for OML/cmm/m/it on input line 367.
LaTeX Font Info:    ... okay on input line 367.
LaTeX Font Info:    Checking defaults for T1/cmr/m/n on input line 367.
LaTeX Font Info:    ... okay on input line 367.
LaTeX Font Info:    Checking defaults for OT1/cmr/m/n on input line 367.
LaTeX Font Info:    ... okay on input line 367.
LaTeX Font Info:    Checking defaults for OMS/cmsy/m/n on input line 367.
LaTeX Font Info:    ... okay on input line 367.
LaTeX Font Info:    Checking defaults for TU/lmr/m/n on input line 367.
LaTeX Font Info:    ... okay on input line 367.
LaTeX Font Info:    Checking defaults for OMX/cmex/m/n on input line 367.
LaTeX Font Info:    ... okay on input line 367.
LaTeX Font Info:    Checking defaults for U/cmr/m/n on input line 367.
LaTeX Font Info:    ... okay on input line 367.
LaTeX Font Info:    Checking defaults for TS1/cmr/m/n on input line 367.
LaTeX Font Info:    Try loading font information for TS1+cmr on input line 367.

 (/usr/share/texlive/texmf-dist/tex/latex/base/ts1cmr.fd
File: ts1cmr.fd 2014/09/29 v2.5h Standard LaTeX font definitions
)
LaTeX Font Info:    ... okay on input line 367.
LaTeX Font Info:    Checking defaults for PD1/pdf/m/n on input line 367.
LaTeX Font Info:    ... okay on input line 367.
LaTeX Font Info:    Checking defaults for PU/pdf/m/n on input line 367.
LaTeX Font Info:    ... okay on input line 367.

ABD: EveryShipout initializing macros
.................................................
. fontspec info: "setup-math"
. 
. Adjusting the maths setup (use [no-math] to avoid this).
.................................................
\symlegacymaths=\mathgroup7
LaTeX Font Info:    Overwriting symbol font `legacymaths' in version `bold'
(Font)                  OT1/cmr/m/n --> OT1/cmr/bx/n on input line 367.
LaTeX Font Info:    Redeclaring math accent \acute on input line 367.
LaTeX Font Info:    Redeclaring math accent \grave on input line 367.
LaTeX Font Info:    Redeclaring math accent \ddot on input line 367.
LaTeX Font Info:    Redeclaring math accent \tilde on input line 367.
LaTeX Font Info:    Redeclaring math accent \bar on input line 367.
LaTeX Font Info:    Redeclaring math accent \breve on input line 367.
LaTeX Font Info:    Redeclaring math accent \check on input line 367.
LaTeX Font Info:    Redeclaring math accent \hat on input line 367.
LaTeX Font Info:    Redeclaring math accent \dot on input line 367.
LaTeX Font Info:    Redeclaring math accent \mathring on input line 367.
LaTeX Font Info:    Redeclaring math symbol \Gamma on input line 367.
LaTeX Font Info:    Redeclaring math symbol \Delta on input line 367.
LaTeX Font Info:    Redeclaring math symbol \Theta on input line 367.
LaTeX Font Info:    Redeclaring math symbol \Lambda on input line 367.
LaTeX Font Info:    Redeclaring math symbol \Xi on input line 367.
LaTeX Font Info:    Redeclaring math symbol \Pi on input line 367.
LaTeX Font Info:    Redeclaring math symbol \Sigma on input line 367.
LaTeX Font Info:    Redeclaring math symbol \Upsilon on input line 367.
LaTeX Font Info:    Redeclaring math symbol \Phi on input line 367.
LaTeX Font Info:    Redeclaring math symbol \Psi on input line 367.
LaTeX Font Info:    Redeclaring math symbol \Omega on input line 367.
LaTeX Font Info:    Redeclaring math symbol \mathdollar on input line 367.
LaTeX Font Info:    Redeclaring symbol font `operators' on input line 367.
LaTeX Font Info:    Encoding `OT1' has changed to `TU' for symbol font
(Font)              `operators' in the math version `normal' on input line 367.

LaTeX Font Info:    Overwriting symbol font `operators' in version `normal'
(Font)                  OT1/cmr/m/n --> TU/lmr/m/n on input line 367.
LaTeX Font Info:    Encoding `OT1' has changed to `TU' for symbol font
(Font)              `operators' in the math version `bold' on input line 367.
LaTeX Font Info:    Overwriting symbol font `operators' in version `bold'
(Font)                  OT1/cmr/bx/n --> TU/lmr/m/n on input line 367.
LaTeX Font Info:    Overwriting symbol font `operators' in version `normal'
(Font)                  TU/lmr/m/n --> TU/lmr/m/n on input line 367.
LaTeX Font Info:    Overwriting math alphabet `\mathit' in version `normal'
(Font)                  OT1/cmr/m/it --> TU/lmr/m/it on input line 367.
LaTeX Font Info:    Overwriting math alphabet `\mathbf' in version `normal'
(Font)                  OT1/cmr/bx/n --> TU/lmr/bx/n on input line 367.
LaTeX Font Info:    Overwriting math alphabet `\mathsf' in version `normal'
(Font)                  OT1/cmss/m/n --> TU/lmss/m/n on input line 367.
LaTeX Font Info:    Overwriting math alphabet `\mathtt' in version `normal'
(Font)                  OT1/cmtt/m/n --> TU/lmtt/m/n on input line 367.
LaTeX Font Info:    Overwriting symbol font `operators' in version `bold'
(Font)                  TU/lmr/m/n --> TU/lmr/bx/n on input line 367.
LaTeX Font Info:    Overwriting math alphabet `\mathit' in version `bold'
(Font)                  OT1/cmr/bx/it --> TU/lmr/bx/it on input line 367.
LaTeX Font Info:    Overwriting math alphabet `\mathsf' in version `bold'
(Font)                  OT1/cmss/bx/n --> TU/lmss/bx/n on input line 367.
LaTeX Font Info:    Overwriting math alphabet `\mathtt' in version `bold'
(Font)                  OT1/cmtt/m/n --> TU/lmtt/bx/n on input line 367.
Package caption Info: Begin \AtBeginDocument code.
Package caption Info: float package is loaded.
Package caption Info: hyperref package is loaded.
Package caption Info: longtable package is loaded.

(/usr/share/texlive/texmf-dist/tex/latex/caption/ltcaption.sty
Package: ltcaption 2013/06/09 v1.4-94 longtable captions (AR)
)
Package caption Info: End \AtBeginDocument code.

*geometry* driver: auto-detecting
*geometry* detected driver: xetex
*geometry* verbose mode - [ preamble ] result:
* driver: xetex
* paper: <default>
* layout: <same size as paper>
* layoutoffset:(h,v)=(0.0pt,0.0pt)
* modes: 
* h-part:(L,W,R)=(72.26999pt, 469.75502pt, 72.26999pt)
* v-part:(T,H,B)=(72.26999pt, 650.43001pt, 72.26999pt)
* \paperwidth=614.295pt
* \paperheight=794.96999pt
* \textwidth=469.75502pt
* \textheight=650.43001pt
* \oddsidemargin=0.0pt
* \evensidemargin=0.0pt
* \topmargin=-37.0pt
* \headheight=12.0pt
* \headsep=25.0pt
* \topskip=11.0pt
* \footskip=30.0pt
* \marginparwidth=59.0pt
* \marginparsep=10.0pt
* \columnsep=10.0pt
* \skip\footins=10.0pt plus 4.0pt minus 2.0pt
* \hoffset=0.0pt
* \voffset=0.0pt
* \mag=1000
* \@twocolumnfalse
* \@twosidefalse
* \@mparswitchfalse
* \@reversemarginfalse
* (1in=72.27pt=25.4mm, 1cm=28.453pt)

(/usr/share/texlive/texmf-dist/tex/latex/ucs/ucsencs.def
File: ucsencs.def 2011/01/21 Fixes to fontencodings LGR, T3
)
\AtBeginShipoutBox=\box79
Package hyperref Info: Link coloring ON on input line 367.

(/usr/share/texlive/texmf-dist/tex/latex/hyperref/nameref.sty
Package: nameref 2016/05/21 v2.44 Cross-referencing by name of section

(/usr/share/texlive/texmf-dist/tex/generic/oberdiek/gettitlestring.sty
Package: gettitlestring 2016/05/16 v1.5 Cleanup title references (HO)
)
\c@section@level=\count309
)
LaTeX Info: Redefining \ref on input line 367.
LaTeX Info: Redefining \pageref on input line 367.
LaTeX Info: Redefining \nameref on input line 367.

(./full.out) (./full.out)
\@outlinefile=\write7
\openout7 = `full.out'.

LaTeX Font Info:    Try loading font information for U+msa on input line 369.

(/usr/share/texlive/texmf-dist/tex/latex/amsfonts/umsa.fd
File: umsa.fd 2013/01/14 v3.01 AMS symbols A
)
LaTeX Font Info:    Try loading font information for U+msb on input line 369.

(/usr/share/texlive/texmf-dist/tex/latex/amsfonts/umsb.fd
File: umsb.fd 2013/01/14 v3.01 AMS symbols B
)
LaTeX Font Info:    Try loading font information for U+rsfs on input line 369.

(/usr/share/texlive/texmf-dist/tex/latex/jknapltx/ursfs.fd
File: ursfs.fd 1998/03/24 rsfs font definition file (jk)
)
Package babel Info: Redefining portuges shorthand "|
(babel)             in language  on input line 370.

(/usr/share/texlive/texmf-dist/tex/generic/oberdiek/se-ascii-print.def
File: se-ascii-print.def 2016/05/16 v1.11 stringenc: Printable ASCII characters

)
Package babel Info: Redefining portuges shorthand "|
(babel)             in language  on input line 370.

[1

] (./full.toc
Package babel Info: Redefining portuges shorthand "|
(babel)             in language  on input line 47.
Package babel Info: Redefining portuges shorthand "|
(babel)             in language  on input line 47.
 [2])
\tf@toc=\write8
\openout8 = `full.toc'.

Package babel Info: Redefining portuges shorthand "|
(babel)             in language  on input line 372.
Package babel Info: Redefining portuges shorthand "|
(babel)             in language  on input line 372.
 [3]
Package babel Info: Redefining portuges shorthand "|
(babel)             in language  on input line 376.
Package babel Info: Redefining portuges shorthand "|
(babel)             in language  on input line 379.
Package babel Info: Redefining portuges shorthand "|
(babel)             in language  on input line 395.
Package babel Info: Redefining portuges shorthand "|
(babel)             in language  on input line 430.
Package babel Info: Redefining portuges shorthand "|
(babel)             in language  on input line 433.
Package babel Info: Redefining portuges shorthand "|
(babel)             in language  on input line 448.
Package babel Info: Redefining portuges shorthand "|
(babel)             in language  on input line 453.
Package babel Info: Redefining portuges shorthand "|
(babel)             in language  on input line 453.
 [4]
Package babel Info: Redefining portuges shorthand "|
(babel)             in language  on input line 463.
Package babel Info: Redefining portuges shorthand "|
(babel)             in language  on input line 469.
Package babel Info: Redefining portuges shorthand "|
(babel)             in language  on input line 509.
Package babel Info: Redefining portuges shorthand "|
(babel)             in language  on input line 526.
Package babel Info: Redefining portuges shorthand "|
(babel)             in language  on input line 526.
 [5]
Package babel Info: Redefining portuges shorthand "|
(babel)             in language  on input line 549.
Package babel Info: Redefining portuges shorthand "|
(babel)             in language  on input line 588.
Package babel Info: Redefining portuges shorthand "|
(babel)             in language  on input line 602.
Package babel Info: Redefining portuges shorthand "|
(babel)             in language  on input line 609.
Package babel Info: Redefining portuges shorthand "|
(babel)             in language  on input line 609.
 [6]
Package babel Info: Redefining portuges shorthand "|
(babel)             in language  on input line 609.
Package babel Info: Redefining portuges shorthand "|
(babel)             in language  on input line 612.
Package babel Info: Redefining portuges shorthand "|
(babel)             in language  on input line 679.
Package babel Info: Redefining portuges shorthand "|
(babel)             in language  on input line 695.
Package babel Info: Redefining portuges shorthand "|
(babel)             in language  on input line 695.
 [7]
Package babel Info: Redefining portuges shorthand "|
(babel)             in language  on input line 756.
Package babel Info: Redefining portuges shorthand "|
(babel)             in language  on input line 769.
Package babel Info: Redefining portuges shorthand "|
(babel)             in language  on input line 791.
Package babel Info: Redefining portuges shorthand "|
(babel)             in language  on input line 802.
Package babel Info: Redefining portuges shorthand "|
(babel)             in language  on input line 802.
 [8]
Package babel Info: Redefining portuges shorthand "|
(babel)             in language  on input line 812.
Package babel Info: Redefining portuges shorthand "|
(babel)             in language  on input line 835.
LaTeX Font Info:    Font shape `TU/lmtt/bx/n' in size <10.95> not available
(Font)              Font shape `TU/lmtt/b/n' tried instead on input line 844.
Package babel Info: Redefining portuges shorthand "|
(babel)             in language  on input line 858.
Package babel Info: Redefining portuges shorthand "|
(babel)             in language  on input line 897.
Package babel Info: Redefining portuges shorthand "|
(babel)             in language  on input line 897.
 [9]
Package babel Info: Redefining portuges shorthand "|
(babel)             in language  on input line 927.
Package babel Info: Redefining portuges shorthand "|
(babel)             in language  on input line 934.
Package babel Info: Redefining portuges shorthand "|
(babel)             in language  on input line 1014.
Package babel Info: Redefining portuges shorthand "|
(babel)             in language  on input line 1014.
 [10]
Package babel Info: Redefining portuges shorthand "|
(babel)             in language  on input line 1043.
Package babel Info: Redefining portuges shorthand "|
(babel)             in language  on input line 1124.
Package babel Info: Redefining portuges shorthand "|
(babel)             in language  on input line 1124.
 [11]
Package babel Info: Redefining portuges shorthand "|
(babel)             in language  on input line 1198.
Package babel Info: Redefining portuges shorthand "|
(babel)             in language  on input line 1257.
Package babel Info: Redefining portuges shorthand "|
(babel)             in language  on input line 1257.
 [12]
Package babel Info: Redefining portuges shorthand "|
(babel)             in language  on input line 1267.
Package babel Info: Redefining portuges shorthand "|
(babel)             in language  on input line 1398.
Package babel Info: Redefining portuges shorthand "|
(babel)             in language  on input line 1406.
Package babel Info: Redefining portuges shorthand "|
(babel)             in language  on input line 1406.
 [13]
Package babel Info: Redefining portuges shorthand "|
(babel)             in language  on input line 1455.
Package babel Info: Redefining portuges shorthand "|
(babel)             in language  on input line 1468.
Package babel Info: Redefining portuges shorthand "|
(babel)             in language  on input line 1499.
Package babel Info: Redefining portuges shorthand "|
(babel)             in language  on input line 1499.
 [14]
Package babel Info: Redefining portuges shorthand "|
(babel)             in language  on input line 1559.
Package babel Info: Redefining portuges shorthand "|
(babel)             in language  on input line 1585.
Package babel Info: Redefining portuges shorthand "|
(babel)             in language  on input line 1585.

[15]
Package babel Info: Redefining portuges shorthand "|
(babel)             in language  on input line 1692.
Package babel Info: Redefining portuges shorthand "|
(babel)             in language  on input line 1692.
 [16]
Package babel Info: Redefining portuges shorthand "|
(babel)             in language  on input line 1735.
Package babel Info: Redefining portuges shorthand "|
(babel)             in language  on input line 1791.
Package babel Info: Redefining portuges shorthand "|
(babel)             in language  on input line 1791.
 [17]
Package babel Info: Redefining portuges shorthand "|
(babel)             in language  on input line 1826.
Package babel Info: Redefining portuges shorthand "|
(babel)             in language  on input line 1872.
Package babel Info: Redefining portuges shorthand "|
(babel)             in language  on input line 1872.
 [18]
Package babel Info: Redefining portuges shorthand "|
(babel)             in language  on input line 1956.
Package babel Info: Redefining portuges shorthand "|
(babel)             in language  on input line 1956.
 [19]
Package babel Info: Redefining portuges shorthand "|
(babel)             in language  on input line 1995.
Package babel Info: Redefining portuges shorthand "|
(babel)             in language  on input line 2025.
Package babel Info: Redefining portuges shorthand "|
(babel)             in language  on input line 2028.
Package babel Info: Redefining portuges shorthand "|
(babel)             in language  on input line 2043.
Package babel Info: Redefining portuges shorthand "|
(babel)             in language  on input line 2043.
 [20]
Package babel Info: Redefining portuges shorthand "|
(babel)             in language  on input line 2049.
Package babel Info: Redefining portuges shorthand "|
(babel)             in language  on input line 2071.

Underfull \hbox (badness 10000) in paragraph at lines 2097--2099
[]\TU/lmtt/m/n/10.95 Note que nossa sada matemtica ser processada por um com
pilador $[]$ para
 []


Underfull \hbox (badness 10000) in paragraph at lines 2100--2102
[]\TU/lmtt/m/n/10.95 No caso, voc pode utilizar x como um nmero, e as express
es aparecero
 []


Underfull \hbox (badness 10000) in paragraph at lines 2117--2121
[]\TU/lmtt/m/n/10.95 Caso voc queira a soluo de uma expresso que seja igual
 a 0 (ou suas razes,
 []


Underfull \hbox (badness 10000) in paragraph at lines 2117--2121
\TU/lmtt/m/n/10.95 em outras palavras), em respeito a uma varivel, voc pode u
sar a funo solve().
 []


Underfull \hbox (badness 10000) in paragraph at lines 2117--2121
\TU/lmtt/m/n/10.95 Ela recebe dois parmetros obrigatrios, sua expresso e a v
arivel que voc quer
 []

Package babel Info: Redefining portuges shorthand "|
(babel)             in language  on input line 2141.
Package babel Info: Redefining portuges shorthand "|
(babel)             in language  on input line 2141.
[21]
Underfull \hbox (badness 10000) in paragraph at lines 2150--2156
[]\TU/lmtt/m/n/10.95 Inclusive, caso queira uma resposta como costumamos escrev
er no papel, ou seja,
 []


Underfull \hbox (badness 10000) in paragraph at lines 2150--2156
\TU/lmtt/m/n/10.95 em forma de conjunto e suas condies, podemos utilizar o so
lveset(). A maior
 []


Underfull \hbox (badness 10000) in paragraph at lines 2150--2156
\TU/lmtt/m/n/10.95 diferena  que ele pode receber o conjunto numrico onde vo
c quer trabalhar
 []


Underfull \hbox (badness 10000) in paragraph at lines 2150--2156
\TU/lmtt/m/n/10.95 atravs do parmetro domain. Na maioria das vezes podemos ut
ilizar domain=S.Reals
 []


Underfull \hbox (badness 10000) in paragraph at lines 2199--2201
[]\TU/lmtt/m/n/10.95 Vamos criar uma varivel para armazenar essa primeira expr
esso para mostrar
 []


Underfull \hbox (badness 10000) in paragraph at lines 2209--2211
[]\TU/lmtt/m/n/10.95 Podemos achar valores utilizando o mtodo subs(). Novament
e, devemos especficiar
 []


Underfull \hbox (badness 10000) in paragraph at lines 2240--2243
[]\TU/lmtt/m/n/10.95 Se tivermos uma expresso numrica no-inteira e quisermos
 achar a soluo em um
 []


Underfull \hbox (badness 10000) in paragraph at lines 2273--2279
[]\TU/lmtt/m/n/10.95 Como viu acima, possivelmente h uma funo do SymPy que r
epresente uma operao
 []


Underfull \hbox (badness 10000) in paragraph at lines 2273--2279
\TU/lmtt/m/n/10.95 ou funo matemtica. Por exemplo, temos sqrt(), log(), exp(
), sin() e etc.
 []


Underfull \hbox (badness 10000) in paragraph at lines 2273--2279
\TU/lmtt/m/n/10.95 Quando sentir necessidade de utilizar uma dessa, tente antes
 de consultar a
 []


Underfull \hbox (badness 10000) in paragraph at lines 2273--2279
\TU/lmtt/m/n/10.95 documentao. Caso no consiga ``adivinhar'', faa uma consu
lta que, com toda
 []

Package babel Info: Redefining portuges shorthand "|
(babel)             in language  on input line 2279.
Package babel Info: Redefining portuges shorthand "|
(babel)             in language  on input line 2279.
[22]
Underfull \hbox (badness 10000) in paragraph at lines 2358--2364
[]\TU/lmtt/m/n/10.95 Alm desses principais, ainda h trigsimp() e expand_trig(
) que simplificam e
 []


Underfull \hbox (badness 10000) in paragraph at lines 2358--2364
\TU/lmtt/m/n/10.95 expandem funes trigonomtricas (a partir das identidades d
e adio de arco). E
 []


Underfull \hbox (badness 10000) in paragraph at lines 2358--2364
\TU/lmtt/m/n/10.95 outras que fazem o mesmo para potncias, logaritmos e outros
 tipos de funes.
 []


Underfull \hbox (badness 10000) in paragraph at lines 2358--2364
\TU/lmtt/m/n/10.95 Nesse caso, acho que vale a pena dar uma olhada na documenta
o. Elas todas so
 []


Underfull \hbox (badness 10000) in paragraph at lines 2365--2367
[]\TU/lmtt/m/n/10.95 Finalizando esse tpico inicial, temos como substituir uma
 funo em termos de
 []

Package babel Info: Redefining portuges shorthand "|
(babel)             in language  on input line 2397.

Underfull \hbox (badness 10000) in paragraph at lines 2399--2403
\TU/lmtt/m/n/10.95 Ok, ns vimos como utilizar expresses. Mas, como tratamos e
quaes? Como vimos
 []


Underfull \hbox (badness 10000) in paragraph at lines 2399--2403
\TU/lmtt/m/n/10.95 no captulo anterior = significa atribuio e ==  uma opera
o booleana (ou
 []

Package babel Info: Redefining portuges shorthand "|
(babel)             in language  on input line 2403.
Package babel Info: Redefining portuges shorthand "|
(babel)             in language  on input line 2403.
[23]
Underfull \hbox (badness 10000) in paragraph at lines 2404--2408
[]\TU/lmtt/m/n/10.95 Para equaes criamos uma classe Eq(). No se preocupe com
 a nomenclatura,  s
 []


Underfull \hbox (badness 10000) in paragraph at lines 2404--2408
\TU/lmtt/m/n/10.95 uma forma de criar um objeto do tipo Eq. Para criar esse obj
eto, passamos dois
 []

Package babel Info: Redefining portuges shorthand "|
(babel)             in language  on input line 2441.

Underfull \hbox (badness 10000) in paragraph at lines 2443--2446
\TU/lmtt/m/n/10.95 Como verificar igualdade entre duas expresses? O == s serv
ir para expresses
 []


Underfull \hbox (badness 10000) in paragraph at lines 2443--2446
\TU/lmtt/m/n/10.95 identicas (no somente em valor, mas tambm nos termos expre
ssos). Para isso,
 []

Package babel Info: Redefining portuges shorthand "|
(babel)             in language  on input line 2510.

Underfull \hbox (badness 10000) in paragraph at lines 2512--2515
\TU/lmtt/m/n/10.95 Podemos, tambm utilizando solve() encontrar as solues de 
um sistema de
 []

Package babel Info: Redefining portuges shorthand "|
(babel)             in language  on input line 2525.
Package babel Info: Redefining portuges shorthand "|
(babel)             in language  on input line 2525.
[24]
Underfull \hbox (badness 10000) in paragraph at lines 2534--2536
[]\TU/lmtt/m/n/10.95 Caso esteja tentando resolver um sistema linear (como o ac
ima),  possvel
 []

Package babel Info: Redefining portuges shorthand "|
(babel)             in language  on input line 2587.

Underfull \hbox (badness 10000) in paragraph at lines 2589--2592
\TU/lmtt/m/n/10.95  bem trivial trabalhar com matrizes no Sympy. De modo geral
, basta criar um
 []


Underfull \hbox (badness 10000) in paragraph at lines 2589--2592
\TU/lmtt/m/n/10.95 objeto a partir da classe Matrix. E passamos uma lista de li
stas, sendo cada uma
 []


Underfull \hbox (badness 10000) in paragraph at lines 2607--2609
[]\TU/lmtt/m/n/10.95 E podemos manipul-las normalmente, com as operaes comun
s. Alm disso, h
 []

Package babel Info: Redefining portuges shorthand "|
(babel)             in language  on input line 2609.
Package babel Info: Redefining portuges shorthand "|
(babel)             in language  on input line 2609.
[25]
Package babel Info: Redefining portuges shorthand "|
(babel)             in language  on input line 2726.
Package babel Info: Redefining portuges shorthand "|
(babel)             in language  on input line 2735.
Package babel Info: Redefining portuges shorthand "|
(babel)             in language  on input line 2735.
 [26]
Underfull \hbox (badness 10000) in paragraph at lines 2735--2737
[]\TU/lmtt/m/n/10.95 Encontre as razes de cada uma das expresses abaixo. Depo
is encontre um par
 []

Package babel Info: Redefining portuges shorthand "|
(babel)             in language  on input line 2787.

Underfull \hbox (badness 10000) in paragraph at lines 2789--2793
\TU/lmtt/m/n/10.95 De modo geral, o principal objetivo do curso  garantir que 
seus alunos
 []


Underfull \hbox (badness 10000) in paragraph at lines 2789--2793
\TU/lmtt/m/n/10.95 estejam proeficientes no uso de SymPy no Clculo. Na minha o
pinio, esse  o
 []


Underfull \hbox (badness 10000) in paragraph at lines 2789--2793
\TU/lmtt/m/n/10.95 captulo mais importante do curso. D seu mximo para absorv
er o contedo aqui
 []

Package babel Info: Redefining portuges shorthand "|
(babel)             in language  on input line 2793.
Package babel Info: Redefining portuges shorthand "|
(babel)             in language  on input line 2793.
[27]
Package babel Info: Redefining portuges shorthand "|
(babel)             in language  on input line 2807.

Underfull \hbox (badness 10000) in paragraph at lines 2809--2812
\TU/lmtt/m/n/10.95 Ns sabemos que o Clculo , genericamente, o estudo das mud
anas. E ns
 []


Underfull \hbox (badness 10000) in paragraph at lines 2809--2812
\TU/lmtt/m/n/10.95 costumamos definir intervalos para trabalhar com nossas fun
es e expresses.
 []


Underfull \hbox (badness 10000) in paragraph at lines 2813--2816
[]\TU/lmtt/m/n/10.95 Para criar um intervalo, criamos um objeto a partir da cla
sse Interval e/ou um
 []

Package babel Info: Redefining portuges shorthand "|
(babel)             in language  on input line 2892.

Underfull \hbox (badness 10000) in paragraph at lines 2894--2897
\TU/lmtt/m/n/10.95 Existem diversas funes embutidas no SymPy para avaliar o c
omportamento das
 []


Underfull \hbox (badness 10000) in paragraph at lines 2894--2897
\TU/lmtt/m/n/10.95 funes/expresses ao longo de seu domnio ou de um interval
o especfico.
 []

Package babel Info: Redefining portuges shorthand "|
(babel)             in language  on input line 2897.
Package babel Info: Redefining portuges shorthand "|
(babel)             in language  on input line 2897.
[28]
Package babel Info: Redefining portuges shorthand "|
(babel)             in language  on input line 2900.

Underfull \hbox (badness 10000) in paragraph at lines 2947--2949
[]\TU/lmtt/m/n/10.95 Podemos verificar tambm se ela  estritamente crescente o
u decrescente, ou seja,
 []


Underfull \hbox (badness 10000) in paragraph at lines 2988--2992
[]\TU/lmtt/m/n/10.95 Podemos tambm verificar se ela  montona com is_monotoni
c(). Para finalizar,
 []


Underfull \hbox (badness 10000) in paragraph at lines 2988--2992
\TU/lmtt/m/n/10.95 podemos verificar se h pontos (e quais so) com singularida
des. Ou seja, que
 []

Package babel Info: Redefining portuges shorthand "|
(babel)             in language  on input line 3008.

Underfull \hbox (badness 10000) in paragraph at lines 3010--3016
\TU/lmtt/m/n/10.95 Assim como veremos posteriormente nas derivadas e nas integr
ais, h duas formas
 []


Underfull \hbox (badness 10000) in paragraph at lines 3010--3016
\TU/lmtt/m/n/10.95 de criar e calcular limites no SymPy. A primeria forma  atr
avs da classe
 []


Underfull \hbox (badness 10000) in paragraph at lines 3010--3016
\TU/lmtt/m/n/10.95 Limit, que criar um limite e no calcular seu valor. Ou se
ja, utilize ela
 []


Underfull \hbox (badness 10000) in paragraph at lines 3010--3016
\TU/lmtt/m/n/10.95 para armazenar a expresso do limite. Caso queira somente ca
lcular o limite.
 []

Package babel Info: Redefining portuges shorthand "|
(babel)             in language  on input line 3016.
Package babel Info: Redefining portuges shorthand "|
(babel)             in language  on input line 3016.
[29]
Package babel Info: Redefining portuges shorthand "|
(babel)             in language  on input line 3117.

Underfull \hbox (badness 10000) in paragraph at lines 3119--3122
\TU/lmtt/m/n/10.95 Assim com os limites, podemos criar a derivada (sem calcul-
la) atravs da classe
 []

Package babel Info: Redefining portuges shorthand "|
(babel)             in language  on input line 3156.
Package babel Info: Redefining portuges shorthand "|
(babel)             in language  on input line 3156.
[30]
Overfull \hbox (35.2248pt too wide) in paragraph at lines 3203--3204
[]$\OT1/cmr/m/n/10.95 32 []$ 
 []

Package babel Info: Redefining portuges shorthand "|
(babel)             in language  on input line 3253.

Underfull \hbox (badness 10000) in paragraph at lines 3255--3259
\TU/lmtt/m/n/10.95 Assim como os Limites e as Derivadas que vimos acima, podemo
s criar uma Integral
 []


Underfull \hbox (badness 10000) in paragraph at lines 3255--3259
\TU/lmtt/m/n/10.95 atravs da classe Integral() caso queiramos ter somente a ex
presso, e caso
 []


Underfull \hbox (badness 10000) in paragraph at lines 3260--3263
[]\TU/lmtt/m/n/10.95 O Sympy no acresce a constante de integrao nas Integrai
s Indefinidas, ento 
 []

Package babel Info: Redefining portuges shorthand "|
(babel)             in language  on input line 3297.
Package babel Info: Redefining portuges shorthand "|
(babel)             in language  on input line 3297.
[31]
Package babel Info: Redefining portuges shorthand "|
(babel)             in language  on input line 3350.
Package babel Info: Redefining portuges shorthand "|
(babel)             in language  on input line 3353.

Underfull \hbox (badness 10000) in paragraph at lines 3355--3357
\TU/lmtt/m/n/10.95 Voc pode utilizar o mtodo series() em uma expresso para f
azer sua expanso em
 []

Package babel Info: Redefining portuges shorthand "|
(babel)             in language  on input line 3374.

Underfull \hbox (badness 10000) in paragraph at lines 3376--3380
\TU/lmtt/m/n/10.95 Ao criar uma funo simblica, voc pode utilizar derivadas 
e a funo dsolve()
 []


Underfull \hbox (badness 10000) in paragraph at lines 3376--3380
\TU/lmtt/m/n/10.95 para encontrar a soluo de uma expresso e ou equao difer
encial. Nesse caso, o
 []

Package babel Info: Redefining portuges shorthand "|
(babel)             in language  on input line 3402.
Package babel Info: Redefining portuges shorthand "|
(babel)             in language  on input line 3402.
[32]
Package babel Info: Redefining portuges shorthand "|
(babel)             in language  on input line 3412.

Underfull \hbox (badness 10000) in paragraph at lines 3414--3416
\TU/lmtt/m/n/10.95 Como nos ltimos captulos, resolva os seguintes exerccios 
com o que aprendeu ao
 []


Underfull \hbox (badness 10000) in paragraph at lines 3431--3434
[]\TU/lmtt/m/n/10.95 Sua derivada, os intervalos de crescimento e decrescimento
 de f,os pontos de
 []


Underfull \hbox (badness 10000) in paragraph at lines 3434--3436
[]\TU/lmtt/m/n/10.95 Os intervalos onde o grfico da f  cncavo para cima e on
de  cncavo para
 []

Package babel Info: Redefining portuges shorthand "|
(babel)             in language  on input line 3470.

Underfull \hbox (badness 10000) in paragraph at lines 3472--3478
\TU/lmtt/m/n/10.95 O uso de grficos na matemtica, principalmente no Clculo e
 na Geometria
 []


Underfull \hbox (badness 10000) in paragraph at lines 3472--3478
\TU/lmtt/m/n/10.95 Analtica,  de extrema importncia. Embora esse no seja o 
foco do SymPy,
 []


Underfull \hbox (badness 10000) in paragraph at lines 3472--3478
\TU/lmtt/m/n/10.95  possvel criar os chamados \TU/lmtt/m/it/10.95 plots \TU/l
mtt/m/n/10.95 com certa facilidade. Inclusive, como
 []


Underfull \hbox (badness 10000) in paragraph at lines 3472--3478
\TU/lmtt/m/n/10.95  utilizado o matplotlib para criar os grficos, h uma gran
de margem para
 []

Package babel Info: Redefining portuges shorthand "|
(babel)             in language  on input line 3478.
Package babel Info: Redefining portuges shorthand "|
(babel)             in language  on input line 3478.
[33]
Underfull \hbox (badness 10000) in paragraph at lines 3492--3496
[]\TU/lmtt/m/n/10.95 O seu uso  facilitado mais ainda pelo ambiente Jupyter, e
 podemos trabalhar
 []


Underfull \hbox (badness 10000) in paragraph at lines 3492--3496
\TU/lmtt/m/n/10.95 com eles de forma semelhante ao que fora abordado no ltimo 
captulo. Ou seja,
 []


Underfull \hbox (badness 10000) in paragraph at lines 3492--3496
\TU/lmtt/m/n/10.95 podemos criar um objeto para trabalharmos com ele, e depois 
ver o resultado. Ou,
 []

Package babel Info: Redefining portuges shorthand "|
(babel)             in language  on input line 3509.

Underfull \hbox (badness 10000) in paragraph at lines 3511--3514
\TU/lmtt/m/n/10.95 As duas primeiras funes que trabalharemos criam plots em 2
D. Para fazer um plot
 []

Package babel Info: Redefining portuges shorthand "|
(babel)             in language  on input line 3516.
File: full_files/full_214_0.png Graphic file (type bmp)
<full_files/full_214_0.png>
Package babel Info: Redefining portuges shorthand "|
(babel)             in language  on input line 3527.
Package babel Info: Redefining portuges shorthand "|
(babel)             in language  on input line 3527.
[34]
Underfull \hbox (badness 10000) in paragraph at lines 3528--3529

 []

File: full_files/full_216_0.png Graphic file (type bmp)
<full_files/full_216_0.png>
Package babel Info: Redefining portuges shorthand "|
(babel)             in language  on input line 3548.
Package babel Info: Redefining portuges shorthand "|
(babel)             in language  on input line 3548.
[35]
Underfull \hbox (badness 10000) in paragraph at lines 3549--3550

 []


Underfull \hbox (badness 10000) in paragraph at lines 3558--3561
[]\TU/lmtt/m/n/10.95 Obviamente, o grfico acima est longe de ser o melhor pos
svel. Mas com apenas
 []


Underfull \hbox (badness 10000) in paragraph at lines 3558--3561
\TU/lmtt/m/n/10.95 uma funo fizemos algo relevante. Mas, se armazenarmos, not
e o que podemos
 []

File: full_files/full_218_0.png Graphic file (type bmp)
<full_files/full_218_0.png>
Package babel Info: Redefining portuges shorthand "|
(babel)             in language  on input line 3572.
Package babel Info: Redefining portuges shorthand "|
(babel)             in language  on input line 3572.
[36]
Underfull \hbox (badness 10000) in paragraph at lines 3573--3574

 []

File: full_files/full_220_0.png Graphic file (type bmp)
<full_files/full_220_0.png>
Package babel Info: Redefining portuges shorthand "|
(babel)             in language  on input line 3588.
Package babel Info: Redefining portuges shorthand "|
(babel)             in language  on input line 3588.
[37]
Underfull \hbox (badness 10000) in paragraph at lines 3589--3590

 []


Underfull \hbox (badness 10000) in paragraph at lines 3591--3594
[]\TU/lmtt/m/n/10.95 Estamos melhorando. Veja que my_plot armazena as funes e
m sequncia.
 []

File: full_files/full_222_0.png Graphic file (type bmp)
<full_files/full_222_0.png>
Package babel Info: Redefining portuges shorthand "|
(babel)             in language  on input line 3608.
Package babel Info: Redefining portuges shorthand "|
(babel)             in language  on input line 3608.
[38]
Underfull \hbox (badness 10000) in paragraph at lines 3609--3610

 []


Underfull \hbox (badness 10000) in paragraph at lines 3611--3616
[]\TU/lmtt/m/n/10.95 Acho que conseguimos um bom resultado. Contudo, voc conco
rda que  um
 []


Underfull \hbox (badness 10000) in paragraph at lines 3611--3616
\TU/lmtt/m/n/10.95 pouco cansativo acessar cada um desses valores e ir alterand
o, certo? E, se
 []


Underfull \hbox (badness 10000) in paragraph at lines 3611--3616
\TU/lmtt/m/n/10.95 no definssemos os limites em $\OML/cmm/m/it/10.95 x$ \TU/l
mtt/m/n/10.95 para $\OT1/cmr/m/n/10.95 [\OMS/cmsy/m/n/10.95 ^^@\OT1/cmr/m/n/10.
95 10\OML/cmm/m/it/10.95 ; \OT1/cmr/m/n/10.95 10]$\TU/lmtt/m/n/10.95 , voc ver
ia que a funo no
 []


Underfull \hbox (badness 10000) in paragraph at lines 3617--3619
[]\TU/lmtt/m/n/10.95 Aliado a isso,  possvel criar dois plots diferentes e un
-los com o mtodo
 []


Underfull \hbox (badness 10000) in paragraph at lines 3620--3623
[]\TU/lmtt/m/n/10.95 Com o que aprendemos podemos fazer, com um nico comando, 
um bom plot de uma
 []


Underfull \hbox (badness 10000) in paragraph at lines 3620--3623
\TU/lmtt/m/n/10.95 nica funo. Caso queiramos mais de uma (como fizemos acima
), basta alterar
 []


Underfull \hbox (badness 10000) in paragraph at lines 3624--3627
[]\TU/lmtt/m/n/10.95 Caso voc conhea matplotlib,  possvel utilizar todos os
 parmetros para
 []


Underfull \hbox (badness 10000) in paragraph at lines 3624--3627
\TU/lmtt/m/n/10.95 anotaes e etc. No abordarei isso aqui pois acredito que f
oge do nosso
 []

File: full_files/full_224_0.png Graphic file (type bmp)
<full_files/full_224_0.png>
Package babel Info: Redefining portuges shorthand "|
(babel)             in language  on input line 3640.
Package babel Info: Redefining portuges shorthand "|
(babel)             in language  on input line 3640.
[39]
Underfull \hbox (badness 10000) in paragraph at lines 3641--3642

 []

Package babel Info: Redefining portuges shorthand "|
(babel)             in language  on input line 3644.

Underfull \hbox (badness 10000) in paragraph at lines 3646--3649
\TU/lmtt/m/n/10.95 Quando temos uma equao com varivel implcita, utilizamos 
a plot_implicit().
 []

File: full_files/full_226_0.png Graphic file (type bmp)
<full_files/full_226_0.png>
Package babel Info: Redefining portuges shorthand "|
(babel)             in language  on input line 3660.
Package babel Info: Redefining portuges shorthand "|
(babel)             in language  on input line 3660.
[40]
Underfull \hbox (badness 10000) in paragraph at lines 3661--3662

 []

File: full_files/full_228_0.png Graphic file (type bmp)
<full_files/full_228_0.png>
Package babel Info: Redefining portuges shorthand "|
(babel)             in language  on input line 3682.
Package babel Info: Redefining portuges shorthand "|
(babel)             in language  on input line 3682.
[41]
Underfull \hbox (badness 10000) in paragraph at lines 3683--3684

 []

Package babel Info: Redefining portuges shorthand "|
(babel)             in language  on input line 3693.

Underfull \hbox (badness 10000) in paragraph at lines 3695--3697
\TU/lmtt/m/n/10.95 Utilizando funes de duas variveis, ns conseguimos fazer 
plots em 3d com a
 []

File: full_files/full_230_0.png Graphic file (type bmp)
<full_files/full_230_0.png>
Package babel Info: Redefining portuges shorthand "|
(babel)             in language  on input line 3708.
Package babel Info: Redefining portuges shorthand "|
(babel)             in language  on input line 3708.
[42]
Underfull \hbox (badness 10000) in paragraph at lines 3709--3710

 []

File: full_files/full_232_0.png Graphic file (type bmp)
<full_files/full_232_0.png>
Package babel Info: Redefining portuges shorthand "|
(babel)             in language  on input line 3729.
Package babel Info: Redefining portuges shorthand "|
(babel)             in language  on input line 3729.
[43]
Underfull \hbox (badness 10000) in paragraph at lines 3730--3731

 []


Underfull \hbox (badness 10000) in paragraph at lines 3739--3741
[]\TU/lmtt/m/n/10.95 Alm desses plots, h os plots paramtricos. Recomendo que
 d uma olhada na
 []

Package babel Info: Redefining portuges shorthand "|
(babel)             in language  on input line 3743.

Underfull \hbox (badness 10000) in paragraph at lines 3749--3751
[]\TU/lmtt/m/n/10.95 Faa o plot das seguintes funes, escolhendo os melhores 
valores para os
 []

Package babel Info: Redefining portuges shorthand "|
(babel)             in language  on input line 3755.
Package babel Info: Redefining portuges shorthand "|
(babel)             in language  on input line 3755.
[44]
Underfull \hbox (badness 10000) in paragraph at lines 3766--3768
[]\TU/lmtt/m/n/10.95 Faa o plot das seguintes equaes, escolhendo os melhores
 valores para os
 []

Package babel Info: Redefining portuges shorthand "|
(babel)             in language  on input line 3779.

Underfull \hbox (badness 10000) in paragraph at lines 3781--3787
\TU/lmtt/m/n/10.95 Como a principal inteno do curso  prepar-los para o uso 
de SymPy nas
 []


Underfull \hbox (badness 10000) in paragraph at lines 3781--3787
\TU/lmtt/m/n/10.95 disciplinas que envolvem Clculo, ao finalizar o captulo an
terior voc deve
 []


Underfull \hbox (badness 10000) in paragraph at lines 3781--3787
\TU/lmtt/m/n/10.95 estar pronto para resolver seus problemas utilizando esse m
dulo. Contudo, eu
 []


Underfull \hbox (badness 10000) in paragraph at lines 3781--3787
\TU/lmtt/m/n/10.95 acredito que h muito a se falar sobre esse mdulo. E, porta
nto, esse captulo
 []

Package babel Info: Redefining portuges shorthand "|
(babel)             in language  on input line 3789.

Underfull \hbox (badness 10000) in paragraph at lines 3791--3795
\TU/lmtt/m/n/10.95 Isso mesmo, ns podemos resolver problemas de Geometria tant
o de forma simblica,
 []


Underfull \hbox (badness 10000) in paragraph at lines 3791--3795
\TU/lmtt/m/n/10.95 como de forma numrica. A ideia principal no  ficar criand
o plots com o sistema
 []


Underfull \hbox (badness 10000) in paragraph at lines 3791--3795
\TU/lmtt/m/n/10.95 completo, mas sim trabalhar matemticamente (indo para o lad
o da Geometria
 []


Underfull \hbox (badness 10000) in paragraph at lines 3796--3798
[]\TU/lmtt/m/n/10.95 Antes de comearmos essa seo e as prximas, faremos as d
evidas importaes e
 []

Package babel Info: Redefining portuges shorthand "|
(babel)             in language  on input line 3810.

Underfull \hbox (badness 10000) in paragraph at lines 3812--3815
\TU/lmtt/m/n/10.95 Comeando pela geometria em 2D, podemos seguir o processo de
 criar os pontos, as
 []


Underfull \hbox (badness 10000) in paragraph at lines 3812--3815
\TU/lmtt/m/n/10.95 linhas (a partir dos pontos) e as formas 2D a partir dos seg
mentos.  bem simples
 []

Package babel Info: Redefining portuges shorthand "|
(babel)             in language  on input line 3815.
Package babel Info: Redefining portuges shorthand "|
(babel)             in language  on input line 3815.
[45]
Underfull \hbox (badness 10000) in paragraph at lines 3842--3844
[]\TU/lmtt/m/n/10.95 Contudo, o indicado  utilizar as classes, que j tero su
as propriedades a fcil
 []

Package babel Info: Redefining portuges shorthand "|
(babel)             in language  on input line 3952.
Package babel Info: Redefining portuges shorthand "|
(babel)             in language  on input line 3952.
[46]
Underfull \hbox (badness 10000) in paragraph at lines 3975--3977
[]\TU/lmtt/m/n/10.95 Podemos criar uma reta ao dar um ponto inicial e uma incli
nao, lembrando que:
 []


Underfull \hbox (badness 10000) in paragraph at lines 4052--4054
[]\TU/lmtt/m/n/10.95 Para plotar, de modo geral, fazemos o uso do que aprendemo
s no ltimo captulo, a
 []

File: full_files/full_259_0.png Graphic file (type bmp)
<full_files/full_259_0.png>
Package babel Info: Redefining portuges shorthand "|
(babel)             in language  on input line 4064.
Package babel Info: Redefining portuges shorthand "|
(babel)             in language  on input line 4064.
[47]
Underfull \hbox (badness 10000) in paragraph at lines 4065--4066

 []


Underfull \hbox (badness 10000) in paragraph at lines 4074--4076
[]\TU/lmtt/m/n/10.95 Podemos criar figuras geomtricas e encontrar suas reas e
 verficiar
 []

Package babel Info: Redefining portuges shorthand "|
(babel)             in language  on input line 4153.
Package babel Info: Redefining portuges shorthand "|
(babel)             in language  on input line 4153.
[48]
Overfull \hbox (571.41516pt too wide) in paragraph at lines 4172--4173
[]$[]$ 
 []


Overfull \hbox (759.2568pt too wide) in paragraph at lines 4214--4215
[]$[]$ 
 []

Package babel Info: Redefining portuges shorthand "|
(babel)             in language  on input line 4298.
Package babel Info: Redefining portuges shorthand "|
(babel)             in language  on input line 4298.
[49]
Overfull \hbox (293.36804pt too wide) in paragraph at lines 4327--4328
[]$[]$ 
 []

Package babel Info: Redefining portuges shorthand "|
(babel)             in language  on input line 4465.
Package babel Info: Redefining portuges shorthand "|
(babel)             in language  on input line 4465.
[50]
Overfull \hbox (352.67647pt too wide) in paragraph at lines 4484--4485
[]$[]$ 
 []


Underfull \hbox (badness 10000) in paragraph at lines 4560--4563
[]\TU/lmtt/m/n/10.95 Para finalizar com a Geometria,  importante relembrar que
  possvel fazer tudo
 []

Package babel Info: Redefining portuges shorthand "|
(babel)             in language  on input line 4594.

Underfull \hbox (badness 10000) in paragraph at lines 4596--4598
\TU/lmtt/m/n/10.95 Para a terceira dimenso, podemos utilizar os Pontos com tr
s coordenadas para
 []

Package babel Info: Redefining portuges shorthand "|
(babel)             in language  on input line 4607.
Package babel Info: Redefining portuges shorthand "|
(babel)             in language  on input line 4607.
[51]
Package babel Info: Redefining portuges shorthand "|
(babel)             in language  on input line 4660.

Overfull \hbox (36.13487pt too wide) in paragraph at lines 4662--4666
\TU/lmtt/m/n/10.95 Ns podemos analisar as tenses em vigas utilizando o sympy.
physics.continuum_mechanics.
 []


Underfull \hbox (badness 10000) in paragraph at lines 4662--4666
\TU/lmtt/m/n/10.95 Caso voc procure aplicar carregamento em uma viga e ento a
valiar as reaes e
 []


Underfull \hbox (badness 10000) in paragraph at lines 4667--4669
[]\TU/lmtt/m/n/10.95 Veja um exemplo (no caso, para fazer sentido, leva os mesm
os valores de um
 []

Package babel Info: Redefining portuges shorthand "|
(babel)             in language  on input line 4690.
Package babel Info: Redefining portuges shorthand "|
(babel)             in language  on input line 4690.
[52]
File: full_files/full_307_0.png Graphic file (type bmp)
<full_files/full_307_0.png>

Underfull \hbox (badness 10000) in paragraph at lines 4738--4739

 []

File: full_files/full_308_0.png Graphic file (type bmp)
<full_files/full_308_0.png>
Package babel Info: Redefining portuges shorthand "|
(babel)             in language  on input line 4750.
Package babel Info: Redefining portuges shorthand "|
(babel)             in language  on input line 4750.
[53]
Underfull \hbox (badness 10000) in paragraph at lines 4751--4752

 []

File: full_files/full_309_0.png Graphic file (type bmp)
<full_files/full_309_0.png>
Package babel Info: Redefining portuges shorthand "|
(babel)             in language  on input line 4769.
Package babel Info: Redefining portuges shorthand "|
(babel)             in language  on input line 4769.
[54]
Underfull \hbox (badness 10000) in paragraph at lines 4770--4771

 []

File: full_files/full_311_0.png Graphic file (type bmp)
<full_files/full_311_0.png>
Package babel Info: Redefining portuges shorthand "|
(babel)             in language  on input line 4806.
Package babel Info: Redefining portuges shorthand "|
(babel)             in language  on input line 4806.
[55]
Underfull \hbox (badness 10000) in paragraph at lines 4807--4808

 []

Package babel Info: Redefining portuges shorthand "|
(babel)             in language  on input line 4814.
Package babel Info: Redefining portuges shorthand "|
(babel)             in language  on input line 4814.
[56]
Package atveryend Info: Empty hook `BeforeClearDocument' on input line 4814.
Package atveryend Info: Empty hook `AfterLastShipout' on input line 4814.
 (./full.aux)
Package atveryend Info: Empty hook `AtVeryEndDocument' on input line 4814.
Package atveryend Info: Empty hook `AtEndAfterFileList' on input line 4814.


LaTeX Warning: There were multiply-defined labels.

 ) 
Here is how much of TeX's memory you used:
 33663 strings out of 494972
 650968 string characters out of 6178093
 754576 words of memory out of 5000000
 37031 multiletter control sequences out of 15000+600000
 538527 words of font info for 72 fonts, out of 8000000 for 9000
 16 hyphenation exceptions out of 8191
 54i,9n,73p,10394b,625s stack positions out of 5000i,500n,10000p,200000b,80000s

Output written on full.pdf (56 pages).
